execve("./hello", ["./hello"], 0xbe8b95ec /* 25 vars */) = 0 <0.000900>
brk(NULL)                               = 0xdbc000 <0.000049>
uname({sysname="Linux", nodename="compi4", ...}) = 0 <0.000054>
mmap2(NULL, 8192, PROT_READ|PROT_WRITE, MAP_PRIVATE|MAP_ANONYMOUS, -1, 0) = 0xb6f31000 <0.000054>
access("/etc/ld.so.preload", R_OK)      = 0 <0.000064>
openat(AT_FDCWD, "/etc/ld.so.preload", O_RDONLY|O_LARGEFILE|O_CLOEXEC) = 3 <0.000060>
fstat64(3, {st_mode=S_IFREG|0644, st_size=54, ...}) = 0 <0.000052>
mmap2(NULL, 54, PROT_READ|PROT_WRITE, MAP_PRIVATE, 3, 0) = 0xb6f30000 <0.000056>
close(3)                                = 0 <0.000046>
readlink("/proc/self/exe", "/home/commojun/git/linux-test/he"..., 4096) = 35 <0.000134>
openat(AT_FDCWD, "/usr/lib/arm-linux-gnueabihf/libarmmem-v7l.so", O_RDONLY|O_LARGEFILE|O_CLOEXEC) = 3 <0.000064>
read(3, "\177ELF\1\1\1\0\0\0\0\0\0\0\0\0\3\0(\0\1\0\0\0\254\3\0\0004\0\0\0"..., 512) = 512 <0.000060>
_llseek(3, 16748, [16748], SEEK_SET)    = 0 <0.000047>
read(3, "\0\0\0\0\0\0\0\0\0\0\0\0\0\0\0\0\0\0\0\0\0\0\0\0\0\0\0\0\0\0\0\0"..., 960) = 960 <0.000057>
_llseek(3, 16424, [16424], SEEK_SET)    = 0 <0.000046>
read(3, "A,\0\0\0aeabi\0\1\"\0\0\0\0056\0\6\6\10\1\t\2\n\3\f\1\22\4\24"..., 45) = 45 <0.000052>
_llseek(3, 16748, [16748], SEEK_SET)    = 0 <0.000046>
read(3, "\0\0\0\0\0\0\0\0\0\0\0\0\0\0\0\0\0\0\0\0\0\0\0\0\0\0\0\0\0\0\0\0"..., 960) = 960 <0.000055>
_llseek(3, 16424, [16424], SEEK_SET)    = 0 <0.000046>
read(3, "A,\0\0\0aeabi\0\1\"\0\0\0\0056\0\6\6\10\1\t\2\n\3\f\1\22\4\24"..., 45) = 45 <0.000053>
_llseek(3, 16748, [16748], SEEK_SET)    = 0 <0.000046>
read(3, "\0\0\0\0\0\0\0\0\0\0\0\0\0\0\0\0\0\0\0\0\0\0\0\0\0\0\0\0\0\0\0\0"..., 960) = 960 <0.000054>
_llseek(3, 16424, [16424], SEEK_SET)    = 0 <0.000046>
read(3, "A,\0\0\0aeabi\0\1\"\0\0\0\0056\0\6\6\10\1\t\2\n\3\f\1\22\4\24"..., 45) = 45 <0.000051>
_llseek(3, 16748, [16748], SEEK_SET)    = 0 <0.000108>
read(3, "\0\0\0\0\0\0\0\0\0\0\0\0\0\0\0\0\0\0\0\0\0\0\0\0\0\0\0\0\0\0\0\0"..., 960) = 960 <0.000057>
_llseek(3, 16424, [16424], SEEK_SET)    = 0 <0.000046>
read(3, "A,\0\0\0aeabi\0\1\"\0\0\0\0056\0\6\6\10\1\t\2\n\3\f\1\22\4\24"..., 45) = 45 <0.000051>
_llseek(3, 16748, [16748], SEEK_SET)    = 0 <0.000046>
read(3, "\0\0\0\0\0\0\0\0\0\0\0\0\0\0\0\0\0\0\0\0\0\0\0\0\0\0\0\0\0\0\0\0"..., 960) = 960 <0.000055>
_llseek(3, 16424, [16424], SEEK_SET)    = 0 <0.000046>
read(3, "A,\0\0\0aeabi\0\1\"\0\0\0\0056\0\6\6\10\1\t\2\n\3\f\1\22\4\24"..., 45) = 45 <0.000051>
_llseek(3, 16748, [16748], SEEK_SET)    = 0 <0.000046>
read(3, "\0\0\0\0\0\0\0\0\0\0\0\0\0\0\0\0\0\0\0\0\0\0\0\0\0\0\0\0\0\0\0\0"..., 960) = 960 <0.000054>
_llseek(3, 16424, [16424], SEEK_SET)    = 0 <0.000046>
read(3, "A,\0\0\0aeabi\0\1\"\0\0\0\0056\0\6\6\10\1\t\2\n\3\f\1\22\4\24"..., 45) = 45 <0.000051>
fstat64(3, {st_mode=S_IFREG|0644, st_size=17708, ...}) = 0 <0.000051>
mmap2(NULL, 81964, PROT_READ|PROT_EXEC, MAP_PRIVATE|MAP_DENYWRITE, 3, 0) = 0xb6eee000 <0.000060>
mprotect(0xb6ef2000, 61440, PROT_NONE)  = 0 <0.000070>
mmap2(0xb6f01000, 8192, PROT_READ|PROT_WRITE, MAP_PRIVATE|MAP_FIXED|MAP_DENYWRITE, 3, 0x3000) = 0xb6f01000 <0.000086>
close(3)                                = 0 <0.000049>
munmap(0xb6f30000, 54)                  = 0 <0.000085>
openat(AT_FDCWD, "/etc/ld.so.cache", O_RDONLY|O_LARGEFILE|O_CLOEXEC) = 3 <0.000064>
fstat64(3, {st_mode=S_IFREG|0644, st_size=39015, ...}) = 0 <0.000052>
mmap2(NULL, 39015, PROT_READ, MAP_PRIVATE, 3, 0) = 0xb6f27000 <0.000054>
close(3)                                = 0 <0.000046>
openat(AT_FDCWD, "/lib/arm-linux-gnueabihf/libc.so.6", O_RDONLY|O_LARGEFILE|O_CLOEXEC) = 3 <0.000063>
read(3, "\177ELF\1\1\1\0\0\0\0\0\0\0\0\0\3\0(\0\1\0\0\0\300x\1\0004\0\0\0"..., 512) = 512 <0.000057>
_llseek(3, 1293204, [1293204], SEEK_SET) = 0 <0.000046>
read(3, "\0\0\0\0\0\0\0\0\0\0\0\0\0\0\0\0\0\0\0\0\0\0\0\0\0\0\0\0\0\0\0\0"..., 2800) = 2800 <0.000067>
_llseek(3, 1289788, [1289788], SEEK_SET) = 0 <0.000046>
read(3, "A.\0\0\0aeabi\0\1$\0\0\0\0056\0\6\6\10\1\t\1\n\2\22\4\23\1\24"..., 47) = 47 <0.000053>
_llseek(3, 1293204, [1293204], SEEK_SET) = 0 <0.000046>
read(3, "\0\0\0\0\0\0\0\0\0\0\0\0\0\0\0\0\0\0\0\0\0\0\0\0\0\0\0\0\0\0\0\0"..., 2800) = 2800 <0.000064>
_llseek(3, 1289788, [1289788], SEEK_SET) = 0 <0.000046>
read(3, "A.\0\0\0aeabi\0\1$\0\0\0\0056\0\6\6\10\1\t\1\n\2\22\4\23\1\24"..., 47) = 47 <0.000051>
_llseek(3, 1293204, [1293204], SEEK_SET) = 0 <0.000048>
read(3, "\0\0\0\0\0\0\0\0\0\0\0\0\0\0\0\0\0\0\0\0\0\0\0\0\0\0\0\0\0\0\0\0"..., 2800) = 2800 <0.000064>
_llseek(3, 1289788, [1289788], SEEK_SET) = 0 <0.000046>
read(3, "A.\0\0\0aeabi\0\1$\0\0\0\0056\0\6\6\10\1\t\1\n\2\22\4\23\1\24"..., 47) = 47 <0.000050>
_llseek(3, 1293204, [1293204], SEEK_SET) = 0 <0.000046>
read(3, "\0\0\0\0\0\0\0\0\0\0\0\0\0\0\0\0\0\0\0\0\0\0\0\0\0\0\0\0\0\0\0\0"..., 2800) = 2800 <0.000064>
_llseek(3, 1289788, [1289788], SEEK_SET) = 0 <0.000046>
read(3, "A.\0\0\0aeabi\0\1$\0\0\0\0056\0\6\6\10\1\t\1\n\2\22\4\23\1\24"..., 47) = 47 <0.000051>
_llseek(3, 1293204, [1293204], SEEK_SET) = 0 <0.000046>
read(3, "\0\0\0\0\0\0\0\0\0\0\0\0\0\0\0\0\0\0\0\0\0\0\0\0\0\0\0\0\0\0\0\0"..., 2800) = 2800 <0.000064>
_llseek(3, 1289788, [1289788], SEEK_SET) = 0 <0.000046>
read(3, "A.\0\0\0aeabi\0\1$\0\0\0\0056\0\6\6\10\1\t\1\n\2\22\4\23\1\24"..., 47) = 47 <0.000051>
_llseek(3, 1293204, [1293204], SEEK_SET) = 0 <0.000046>
read(3, "\0\0\0\0\0\0\0\0\0\0\0\0\0\0\0\0\0\0\0\0\0\0\0\0\0\0\0\0\0\0\0\0"..., 2800) = 2800 <0.000064>
_llseek(3, 1289788, [1289788], SEEK_SET) = 0 <0.000046>
read(3, "A.\0\0\0aeabi\0\1$\0\0\0\0056\0\6\6\10\1\t\1\n\2\22\4\23\1\24"..., 47) = 47 <0.000051>
fstat64(3, {st_mode=S_IFREG|0755, st_size=1296004, ...}) = 0 <0.000051>
mmap2(NULL, 1364764, PROT_READ|PROT_EXEC, MAP_PRIVATE|MAP_DENYWRITE, 3, 0) = 0xb6da0000 <0.000057>
mprotect(0xb6ed8000, 65536, PROT_NONE)  = 0 <0.000070>
mmap2(0xb6ee8000, 12288, PROT_READ|PROT_WRITE, MAP_PRIVATE|MAP_FIXED|MAP_DENYWRITE, 3, 0x138000) = 0xb6ee8000 <0.000082>
mmap2(0xb6eeb000, 8988, PROT_READ|PROT_WRITE, MAP_PRIVATE|MAP_FIXED|MAP_ANONYMOUS, -1, 0) = 0xb6eeb000 <0.000076>
close(3)                                = 0 <0.000047>
set_tls(0xb6f32150)                     = 0 <0.000048>
mprotect(0xb6ee8000, 8192, PROT_READ)   = 0 <0.000063>
mprotect(0xb6f01000, 4096, PROT_READ)   = 0 <0.000063>
mprotect(0x20000, 4096, PROT_READ)      = 0 <0.000061>
mprotect(0xb6f33000, 4096, PROT_READ)   = 0 <0.000063>
munmap(0xb6f27000, 39015)               = 0 <0.000081>
fstat64(1, {st_mode=S_IFCHR|0620, st_rdev=makedev(0x88, 0x3), ...}) = 0 <0.000054>
brk(NULL)                               = 0xdbc000 <0.000047>
brk(0xddd000)                           = 0xddd000 <0.000054>
write(1, "hello world\n", 12)           = 12 <0.000071>
exit_group(0)                           = ?
+++ exited with 0 +++
