execve("/usr/bin/python3", ["python3", "hello.py"], 0xbeca75dc /* 25 vars */) = 0
brk(NULL)                               = 0x925000
uname({sysname="Linux", nodename="compi4", ...}) = 0
mmap2(NULL, 8192, PROT_READ|PROT_WRITE, MAP_PRIVATE|MAP_ANONYMOUS, -1, 0) = 0xb6f9e000
access("/etc/ld.so.preload", R_OK)      = 0
openat(AT_FDCWD, "/etc/ld.so.preload", O_RDONLY|O_LARGEFILE|O_CLOEXEC) = 3
fstat64(3, {st_mode=S_IFREG|0644, st_size=54, ...}) = 0
mmap2(NULL, 54, PROT_READ|PROT_WRITE, MAP_PRIVATE, 3, 0) = 0xb6f9d000
close(3)                                = 0
readlink("/proc/self/exe", "/usr/bin/python3.7", 4096) = 18
openat(AT_FDCWD, "/usr/lib/arm-linux-gnueabihf/libarmmem-v7l.so", O_RDONLY|O_LARGEFILE|O_CLOEXEC) = 3
read(3, "\177ELF\1\1\1\0\0\0\0\0\0\0\0\0\3\0(\0\1\0\0\0\254\3\0\0004\0\0\0"..., 512) = 512
_llseek(3, 16748, [16748], SEEK_SET)    = 0
read(3, "\0\0\0\0\0\0\0\0\0\0\0\0\0\0\0\0\0\0\0\0\0\0\0\0\0\0\0\0\0\0\0\0"..., 960) = 960
_llseek(3, 16424, [16424], SEEK_SET)    = 0
read(3, "A,\0\0\0aeabi\0\1\"\0\0\0\0056\0\6\6\10\1\t\2\n\3\f\1\22\4\24"..., 45) = 45
_llseek(3, 16748, [16748], SEEK_SET)    = 0
read(3, "\0\0\0\0\0\0\0\0\0\0\0\0\0\0\0\0\0\0\0\0\0\0\0\0\0\0\0\0\0\0\0\0"..., 960) = 960
_llseek(3, 16424, [16424], SEEK_SET)    = 0
read(3, "A,\0\0\0aeabi\0\1\"\0\0\0\0056\0\6\6\10\1\t\2\n\3\f\1\22\4\24"..., 45) = 45
_llseek(3, 16748, [16748], SEEK_SET)    = 0
read(3, "\0\0\0\0\0\0\0\0\0\0\0\0\0\0\0\0\0\0\0\0\0\0\0\0\0\0\0\0\0\0\0\0"..., 960) = 960
_llseek(3, 16424, [16424], SEEK_SET)    = 0
read(3, "A,\0\0\0aeabi\0\1\"\0\0\0\0056\0\6\6\10\1\t\2\n\3\f\1\22\4\24"..., 45) = 45
_llseek(3, 16748, [16748], SEEK_SET)    = 0
read(3, "\0\0\0\0\0\0\0\0\0\0\0\0\0\0\0\0\0\0\0\0\0\0\0\0\0\0\0\0\0\0\0\0"..., 960) = 960
_llseek(3, 16424, [16424], SEEK_SET)    = 0
read(3, "A,\0\0\0aeabi\0\1\"\0\0\0\0056\0\6\6\10\1\t\2\n\3\f\1\22\4\24"..., 45) = 45
_llseek(3, 16748, [16748], SEEK_SET)    = 0
read(3, "\0\0\0\0\0\0\0\0\0\0\0\0\0\0\0\0\0\0\0\0\0\0\0\0\0\0\0\0\0\0\0\0"..., 960) = 960
_llseek(3, 16424, [16424], SEEK_SET)    = 0
read(3, "A,\0\0\0aeabi\0\1\"\0\0\0\0056\0\6\6\10\1\t\2\n\3\f\1\22\4\24"..., 45) = 45
_llseek(3, 16748, [16748], SEEK_SET)    = 0
read(3, "\0\0\0\0\0\0\0\0\0\0\0\0\0\0\0\0\0\0\0\0\0\0\0\0\0\0\0\0\0\0\0\0"..., 960) = 960
_llseek(3, 16424, [16424], SEEK_SET)    = 0
read(3, "A,\0\0\0aeabi\0\1\"\0\0\0\0056\0\6\6\10\1\t\2\n\3\f\1\22\4\24"..., 45) = 45
fstat64(3, {st_mode=S_IFREG|0644, st_size=17708, ...}) = 0
mmap2(NULL, 81964, PROT_READ|PROT_EXEC, MAP_PRIVATE|MAP_DENYWRITE, 3, 0) = 0xb6f5b000
mprotect(0xb6f5f000, 61440, PROT_NONE)  = 0
mmap2(0xb6f6e000, 8192, PROT_READ|PROT_WRITE, MAP_PRIVATE|MAP_FIXED|MAP_DENYWRITE, 3, 0x3000) = 0xb6f6e000
close(3)                                = 0
munmap(0xb6f9d000, 54)                  = 0
openat(AT_FDCWD, "/etc/ld.so.cache", O_RDONLY|O_LARGEFILE|O_CLOEXEC) = 3
fstat64(3, {st_mode=S_IFREG|0644, st_size=38821, ...}) = 0
mmap2(NULL, 38821, PROT_READ, MAP_PRIVATE, 3, 0) = 0xb6f94000
close(3)                                = 0
openat(AT_FDCWD, "/lib/arm-linux-gnueabihf/libcrypt.so.1", O_RDONLY|O_LARGEFILE|O_CLOEXEC) = 3
read(3, "\177ELF\1\1\1\0\0\0\0\0\0\0\0\0\3\0(\0\1\0\0\0p\t\0\0004\0\0\0"..., 512) = 512
_llseek(3, 33268, [33268], SEEK_SET)    = 0
read(3, "\0\0\0\0\0\0\0\0\0\0\0\0\0\0\0\0\0\0\0\0\0\0\0\0\0\0\0\0\0\0\0\0"..., 1080) = 1080
_llseek(3, 32920, [32920], SEEK_SET)    = 0
read(3, "A.\0\0\0aeabi\0\1$\0\0\0\0056\0\6\6\10\1\t\1\n\2\22\4\23\1\24"..., 47) = 47
_llseek(3, 33268, [33268], SEEK_SET)    = 0
read(3, "\0\0\0\0\0\0\0\0\0\0\0\0\0\0\0\0\0\0\0\0\0\0\0\0\0\0\0\0\0\0\0\0"..., 1080) = 1080
_llseek(3, 32920, [32920], SEEK_SET)    = 0
read(3, "A.\0\0\0aeabi\0\1$\0\0\0\0056\0\6\6\10\1\t\1\n\2\22\4\23\1\24"..., 47) = 47
_llseek(3, 33268, [33268], SEEK_SET)    = 0
read(3, "\0\0\0\0\0\0\0\0\0\0\0\0\0\0\0\0\0\0\0\0\0\0\0\0\0\0\0\0\0\0\0\0"..., 1080) = 1080
_llseek(3, 32920, [32920], SEEK_SET)    = 0
read(3, "A.\0\0\0aeabi\0\1$\0\0\0\0056\0\6\6\10\1\t\1\n\2\22\4\23\1\24"..., 47) = 47
fstat64(3, {st_mode=S_IFREG|0644, st_size=34348, ...}) = 0
mmap2(NULL, 258416, PROT_READ|PROT_EXEC, MAP_PRIVATE|MAP_DENYWRITE, 3, 0) = 0xb6f1b000
mprotect(0xb6f22000, 65536, PROT_NONE)  = 0
mmap2(0xb6f32000, 8192, PROT_READ|PROT_WRITE, MAP_PRIVATE|MAP_FIXED|MAP_DENYWRITE, 3, 0x7000) = 0xb6f32000
mmap2(0xb6f34000, 156016, PROT_READ|PROT_WRITE, MAP_PRIVATE|MAP_FIXED|MAP_ANONYMOUS, -1, 0) = 0xb6f34000
close(3)                                = 0
openat(AT_FDCWD, "/lib/arm-linux-gnueabihf/libpthread.so.0", O_RDONLY|O_LARGEFILE|O_CLOEXEC) = 3
read(3, "\177ELF\1\1\1\3\0\0\0\0\0\0\0\0\3\0(\0\1\0\0\0\224O\0\0004\0\0\0"..., 512) = 512
_llseek(3, 129016, [129016], SEEK_SET)  = 0
read(3, "\0\0\0\0\0\0\0\0\0\0\0\0\0\0\0\0\0\0\0\0\0\0\0\0\0\0\0\0\0\0\0\0"..., 1400) = 1400
_llseek(3, 94664, [94664], SEEK_SET)    = 0
read(3, "A.\0\0\0aeabi\0\1$\0\0\0\0056\0\6\6\10\1\t\1\n\2\22\4\23\1\24"..., 47) = 47
_llseek(3, 129016, [129016], SEEK_SET)  = 0
read(3, "\0\0\0\0\0\0\0\0\0\0\0\0\0\0\0\0\0\0\0\0\0\0\0\0\0\0\0\0\0\0\0\0"..., 1400) = 1400
_llseek(3, 94664, [94664], SEEK_SET)    = 0
read(3, "A.\0\0\0aeabi\0\1$\0\0\0\0056\0\6\6\10\1\t\1\n\2\22\4\23\1\24"..., 47) = 47
_llseek(3, 129016, [129016], SEEK_SET)  = 0
read(3, "\0\0\0\0\0\0\0\0\0\0\0\0\0\0\0\0\0\0\0\0\0\0\0\0\0\0\0\0\0\0\0\0"..., 1400) = 1400
_llseek(3, 94664, [94664], SEEK_SET)    = 0
read(3, "A.\0\0\0aeabi\0\1$\0\0\0\0056\0\6\6\10\1\t\1\n\2\22\4\23\1\24"..., 47) = 47
_llseek(3, 129016, [129016], SEEK_SET)  = 0
read(3, "\0\0\0\0\0\0\0\0\0\0\0\0\0\0\0\0\0\0\0\0\0\0\0\0\0\0\0\0\0\0\0\0"..., 1400) = 1400
_llseek(3, 94664, [94664], SEEK_SET)    = 0
read(3, "A.\0\0\0aeabi\0\1$\0\0\0\0056\0\6\6\10\1\t\1\n\2\22\4\23\1\24"..., 47) = 47
_llseek(3, 129016, [129016], SEEK_SET)  = 0
read(3, "\0\0\0\0\0\0\0\0\0\0\0\0\0\0\0\0\0\0\0\0\0\0\0\0\0\0\0\0\0\0\0\0"..., 1400) = 1400
_llseek(3, 94664, [94664], SEEK_SET)    = 0
read(3, "A.\0\0\0aeabi\0\1$\0\0\0\0056\0\6\6\10\1\t\1\n\2\22\4\23\1\24"..., 47) = 47
_llseek(3, 129016, [129016], SEEK_SET)  = 0
read(3, "\0\0\0\0\0\0\0\0\0\0\0\0\0\0\0\0\0\0\0\0\0\0\0\0\0\0\0\0\0\0\0\0"..., 1400) = 1400
_llseek(3, 94664, [94664], SEEK_SET)    = 0
read(3, "A.\0\0\0aeabi\0\1$\0\0\0\0056\0\6\6\10\1\t\1\n\2\22\4\23\1\24"..., 47) = 47
fstat64(3, {st_mode=S_IFREG|0755, st_size=130416, ...}) = 0
mmap2(NULL, 168560, PROT_READ|PROT_EXEC, MAP_PRIVATE|MAP_DENYWRITE, 3, 0) = 0xb6ef1000
mprotect(0xb6f08000, 61440, PROT_NONE)  = 0
mmap2(0xb6f17000, 8192, PROT_READ|PROT_WRITE, MAP_PRIVATE|MAP_FIXED|MAP_DENYWRITE, 3, 0x16000) = 0xb6f17000
mmap2(0xb6f19000, 4720, PROT_READ|PROT_WRITE, MAP_PRIVATE|MAP_FIXED|MAP_ANONYMOUS, -1, 0) = 0xb6f19000
close(3)                                = 0
openat(AT_FDCWD, "/lib/arm-linux-gnueabihf/libdl.so.2", O_RDONLY|O_LARGEFILE|O_CLOEXEC) = 3
read(3, "\177ELF\1\1\1\0\0\0\0\0\0\0\0\0\3\0(\0\1\0\0\0 \n\0\0004\0\0\0"..., 512) = 512
_llseek(3, 8688, [8688], SEEK_SET)      = 0
read(3, "\0\0\0\0\0\0\0\0\0\0\0\0\0\0\0\0\0\0\0\0\0\0\0\0\0\0\0\0\0\0\0\0"..., 1080) = 1080
_llseek(3, 8340, [8340], SEEK_SET)      = 0
read(3, "A.\0\0\0aeabi\0\1$\0\0\0\0056\0\6\6\10\1\t\1\n\2\22\4\23\1\24"..., 47) = 47
_llseek(3, 8688, [8688], SEEK_SET)      = 0
read(3, "\0\0\0\0\0\0\0\0\0\0\0\0\0\0\0\0\0\0\0\0\0\0\0\0\0\0\0\0\0\0\0\0"..., 1080) = 1080
_llseek(3, 8340, [8340], SEEK_SET)      = 0
read(3, "A.\0\0\0aeabi\0\1$\0\0\0\0056\0\6\6\10\1\t\1\n\2\22\4\23\1\24"..., 47) = 47
_llseek(3, 8688, [8688], SEEK_SET)      = 0
read(3, "\0\0\0\0\0\0\0\0\0\0\0\0\0\0\0\0\0\0\0\0\0\0\0\0\0\0\0\0\0\0\0\0"..., 1080) = 1080
_llseek(3, 8340, [8340], SEEK_SET)      = 0
read(3, "A.\0\0\0aeabi\0\1$\0\0\0\0056\0\6\6\10\1\t\1\n\2\22\4\23\1\24"..., 47) = 47
fstat64(3, {st_mode=S_IFREG|0644, st_size=9768, ...}) = 0
mmap2(NULL, 73924, PROT_READ|PROT_EXEC, MAP_PRIVATE|MAP_DENYWRITE, 3, 0) = 0xb6ede000
mprotect(0xb6ee0000, 61440, PROT_NONE)  = 0
mmap2(0xb6eef000, 8192, PROT_READ|PROT_WRITE, MAP_PRIVATE|MAP_FIXED|MAP_DENYWRITE, 3, 0x1000) = 0xb6eef000
close(3)                                = 0
openat(AT_FDCWD, "/lib/arm-linux-gnueabihf/libutil.so.1", O_RDONLY|O_LARGEFILE|O_CLOEXEC) = 3
read(3, "\177ELF\1\1\1\0\0\0\0\0\0\0\0\0\3\0(\0\1\0\0\0\200\n\0\0004\0\0\0"..., 512) = 512
_llseek(3, 8716, [8716], SEEK_SET)      = 0
read(3, "\0\0\0\0\0\0\0\0\0\0\0\0\0\0\0\0\0\0\0\0\0\0\0\0\0\0\0\0\0\0\0\0"..., 1080) = 1080
_llseek(3, 8368, [8368], SEEK_SET)      = 0
read(3, "A.\0\0\0aeabi\0\1$\0\0\0\0056\0\6\6\10\1\t\1\n\2\22\4\23\1\24"..., 47) = 47
_llseek(3, 8716, [8716], SEEK_SET)      = 0
read(3, "\0\0\0\0\0\0\0\0\0\0\0\0\0\0\0\0\0\0\0\0\0\0\0\0\0\0\0\0\0\0\0\0"..., 1080) = 1080
_llseek(3, 8368, [8368], SEEK_SET)      = 0
read(3, "A.\0\0\0aeabi\0\1$\0\0\0\0056\0\6\6\10\1\t\1\n\2\22\4\23\1\24"..., 47) = 47
_llseek(3, 8716, [8716], SEEK_SET)      = 0
read(3, "\0\0\0\0\0\0\0\0\0\0\0\0\0\0\0\0\0\0\0\0\0\0\0\0\0\0\0\0\0\0\0\0"..., 1080) = 1080
_llseek(3, 8368, [8368], SEEK_SET)      = 0
read(3, "A.\0\0\0aeabi\0\1$\0\0\0\0056\0\6\6\10\1\t\1\n\2\22\4\23\1\24"..., 47) = 47
fstat64(3, {st_mode=S_IFREG|0644, st_size=9796, ...}) = 0
mmap2(NULL, 73908, PROT_READ|PROT_EXEC, MAP_PRIVATE|MAP_DENYWRITE, 3, 0) = 0xb6ecb000
mprotect(0xb6ecd000, 61440, PROT_NONE)  = 0
mmap2(0xb6edc000, 8192, PROT_READ|PROT_WRITE, MAP_PRIVATE|MAP_FIXED|MAP_DENYWRITE, 3, 0x1000) = 0xb6edc000
close(3)                                = 0
openat(AT_FDCWD, "/lib/arm-linux-gnueabihf/libexpat.so.1", O_RDONLY|O_LARGEFILE|O_CLOEXEC) = 3
read(3, "\177ELF\1\1\1\0\0\0\0\0\0\0\0\0\3\0(\0\1\0\0\0\200 \0\0004\0\0\0"..., 512) = 512
_llseek(3, 197116, [197116], SEEK_SET)  = 0
read(3, "\0\0\0\0\0\0\0\0\0\0\0\0\0\0\0\0\0\0\0\0\0\0\0\0\0\0\0\0\0\0\0\0"..., 1080) = 1080
_llseek(3, 196760, [196760], SEEK_SET)  = 0
read(3, "A,\0\0\0aeabi\0\1\"\0\0\0\0056\0\6\6\10\1\t\1\n\2\22\4\24\1\25"..., 45) = 45
_llseek(3, 197116, [197116], SEEK_SET)  = 0
read(3, "\0\0\0\0\0\0\0\0\0\0\0\0\0\0\0\0\0\0\0\0\0\0\0\0\0\0\0\0\0\0\0\0"..., 1080) = 1080
_llseek(3, 196760, [196760], SEEK_SET)  = 0
read(3, "A,\0\0\0aeabi\0\1\"\0\0\0\0056\0\6\6\10\1\t\1\n\2\22\4\24\1\25"..., 45) = 45
_llseek(3, 197116, [197116], SEEK_SET)  = 0
read(3, "\0\0\0\0\0\0\0\0\0\0\0\0\0\0\0\0\0\0\0\0\0\0\0\0\0\0\0\0\0\0\0\0"..., 1080) = 1080
_llseek(3, 196760, [196760], SEEK_SET)  = 0
read(3, "A,\0\0\0aeabi\0\1\"\0\0\0\0056\0\6\6\10\1\t\1\n\2\22\4\24\1\25"..., 45) = 45
_llseek(3, 197116, [197116], SEEK_SET)  = 0
read(3, "\0\0\0\0\0\0\0\0\0\0\0\0\0\0\0\0\0\0\0\0\0\0\0\0\0\0\0\0\0\0\0\0"..., 1080) = 1080
_llseek(3, 196760, [196760], SEEK_SET)  = 0
read(3, "A,\0\0\0aeabi\0\1\"\0\0\0\0056\0\6\6\10\1\t\1\n\2\22\4\24\1\25"..., 45) = 45
_llseek(3, 197116, [197116], SEEK_SET)  = 0
read(3, "\0\0\0\0\0\0\0\0\0\0\0\0\0\0\0\0\0\0\0\0\0\0\0\0\0\0\0\0\0\0\0\0"..., 1080) = 1080
_llseek(3, 196760, [196760], SEEK_SET)  = 0
read(3, "A,\0\0\0aeabi\0\1\"\0\0\0\0056\0\6\6\10\1\t\1\n\2\22\4\24\1\25"..., 45) = 45
_llseek(3, 197116, [197116], SEEK_SET)  = 0
read(3, "\0\0\0\0\0\0\0\0\0\0\0\0\0\0\0\0\0\0\0\0\0\0\0\0\0\0\0\0\0\0\0\0"..., 1080) = 1080
_llseek(3, 196760, [196760], SEEK_SET)  = 0
read(3, "A,\0\0\0aeabi\0\1\"\0\0\0\0056\0\6\6\10\1\t\1\n\2\22\4\24\1\25"..., 45) = 45
fstat64(3, {st_mode=S_IFREG|0644, st_size=198196, ...}) = 0
mmap2(NULL, 262300, PROT_READ|PROT_EXEC, MAP_PRIVATE|MAP_DENYWRITE, 3, 0) = 0xb6e8a000
mprotect(0xb6eb8000, 65536, PROT_NONE)  = 0
mmap2(0xb6ec8000, 12288, PROT_READ|PROT_WRITE, MAP_PRIVATE|MAP_FIXED|MAP_DENYWRITE, 3, 0x2e000) = 0xb6ec8000
close(3)                                = 0
openat(AT_FDCWD, "/lib/arm-linux-gnueabihf/libz.so.1", O_RDONLY|O_LARGEFILE|O_CLOEXEC) = 3
read(3, "\177ELF\1\1\1\0\0\0\0\0\0\0\0\0\3\0(\0\1\0\0\0<\32\0\0004\0\0\0"..., 512) = 512
_llseek(3, 107088, [107088], SEEK_SET)  = 0
read(3, "\0\0\0\0\0\0\0\0\0\0\0\0\0\0\0\0\0\0\0\0\0\0\0\0\0\0\0\0\0\0\0\0"..., 1080) = 1080
_llseek(3, 106728, [106728], SEEK_SET)  = 0
read(3, "A,\0\0\0aeabi\0\1\"\0\0\0\0056\0\6\6\10\1\t\1\n\2\22\4\24\1\25"..., 45) = 45
_llseek(3, 107088, [107088], SEEK_SET)  = 0
read(3, "\0\0\0\0\0\0\0\0\0\0\0\0\0\0\0\0\0\0\0\0\0\0\0\0\0\0\0\0\0\0\0\0"..., 1080) = 1080
_llseek(3, 106728, [106728], SEEK_SET)  = 0
read(3, "A,\0\0\0aeabi\0\1\"\0\0\0\0056\0\6\6\10\1\t\1\n\2\22\4\24\1\25"..., 45) = 45
_llseek(3, 107088, [107088], SEEK_SET)  = 0
read(3, "\0\0\0\0\0\0\0\0\0\0\0\0\0\0\0\0\0\0\0\0\0\0\0\0\0\0\0\0\0\0\0\0"..., 1080) = 1080
_llseek(3, 106728, [106728], SEEK_SET)  = 0
read(3, "A,\0\0\0aeabi\0\1\"\0\0\0\0056\0\6\6\10\1\t\1\n\2\22\4\24\1\25"..., 45) = 45
_llseek(3, 107088, [107088], SEEK_SET)  = 0
read(3, "\0\0\0\0\0\0\0\0\0\0\0\0\0\0\0\0\0\0\0\0\0\0\0\0\0\0\0\0\0\0\0\0"..., 1080) = 1080
_llseek(3, 106728, [106728], SEEK_SET)  = 0
read(3, "A,\0\0\0aeabi\0\1\"\0\0\0\0056\0\6\6\10\1\t\1\n\2\22\4\24\1\25"..., 45) = 45
_llseek(3, 107088, [107088], SEEK_SET)  = 0
read(3, "\0\0\0\0\0\0\0\0\0\0\0\0\0\0\0\0\0\0\0\0\0\0\0\0\0\0\0\0\0\0\0\0"..., 1080) = 1080
_llseek(3, 106728, [106728], SEEK_SET)  = 0
read(3, "A,\0\0\0aeabi\0\1\"\0\0\0\0056\0\6\6\10\1\t\1\n\2\22\4\24\1\25"..., 45) = 45
_llseek(3, 107088, [107088], SEEK_SET)  = 0
read(3, "\0\0\0\0\0\0\0\0\0\0\0\0\0\0\0\0\0\0\0\0\0\0\0\0\0\0\0\0\0\0\0\0"..., 1080) = 1080
_llseek(3, 106728, [106728], SEEK_SET)  = 0
read(3, "A,\0\0\0aeabi\0\1\"\0\0\0\0056\0\6\6\10\1\t\1\n\2\22\4\24\1\25"..., 45) = 45
fstat64(3, {st_mode=S_IFREG|0644, st_size=108168, ...}) = 0
mmap2(NULL, 172268, PROT_READ|PROT_EXEC, MAP_PRIVATE|MAP_DENYWRITE, 3, 0) = 0xb6e5f000
mprotect(0xb6e79000, 61440, PROT_NONE)  = 0
mmap2(0xb6e88000, 8192, PROT_READ|PROT_WRITE, MAP_PRIVATE|MAP_FIXED|MAP_DENYWRITE, 3, 0x19000) = 0xb6e88000
close(3)                                = 0
openat(AT_FDCWD, "/lib/arm-linux-gnueabihf/libm.so.6", O_RDONLY|O_LARGEFILE|O_CLOEXEC) = 3
read(3, "\177ELF\1\1\1\0\0\0\0\0\0\0\0\0\3\0(\0\1\0\0\0\240r\0\0004\0\0\0"..., 512) = 512
_llseek(3, 463312, [463312], SEEK_SET)  = 0
read(3, "\0\0\0\0\0\0\0\0\0\0\0\0\0\0\0\0\0\0\0\0\0\0\0\0\0\0\0\0\0\0\0\0"..., 1080) = 1080
_llseek(3, 462960, [462960], SEEK_SET)  = 0
read(3, "A0\0\0\0aeabi\0\1&\0\0\0\0056\0\6\6\10\1\t\1\n\2\22\4\23\1\24"..., 49) = 49
_llseek(3, 463312, [463312], SEEK_SET)  = 0
read(3, "\0\0\0\0\0\0\0\0\0\0\0\0\0\0\0\0\0\0\0\0\0\0\0\0\0\0\0\0\0\0\0\0"..., 1080) = 1080
_llseek(3, 462960, [462960], SEEK_SET)  = 0
read(3, "A0\0\0\0aeabi\0\1&\0\0\0\0056\0\6\6\10\1\t\1\n\2\22\4\23\1\24"..., 49) = 49
_llseek(3, 463312, [463312], SEEK_SET)  = 0
read(3, "\0\0\0\0\0\0\0\0\0\0\0\0\0\0\0\0\0\0\0\0\0\0\0\0\0\0\0\0\0\0\0\0"..., 1080) = 1080
_llseek(3, 462960, [462960], SEEK_SET)  = 0
read(3, "A0\0\0\0aeabi\0\1&\0\0\0\0056\0\6\6\10\1\t\1\n\2\22\4\23\1\24"..., 49) = 49
fstat64(3, {st_mode=S_IFREG|0644, st_size=464392, ...}) = 0
mmap2(NULL, 528504, PROT_READ|PROT_EXEC, MAP_PRIVATE|MAP_DENYWRITE, 3, 0) = 0xb6ddd000
mprotect(0xb6e4e000, 61440, PROT_NONE)  = 0
mmap2(0xb6e5d000, 8192, PROT_READ|PROT_WRITE, MAP_PRIVATE|MAP_FIXED|MAP_DENYWRITE, 3, 0x70000) = 0xb6e5d000
close(3)                                = 0
openat(AT_FDCWD, "/lib/arm-linux-gnueabihf/libc.so.6", O_RDONLY|O_LARGEFILE|O_CLOEXEC) = 3
read(3, "\177ELF\1\1\1\0\0\0\0\0\0\0\0\0\3\0(\0\1\0\0\0\300x\1\0004\0\0\0"..., 512) = 512
_llseek(3, 1293204, [1293204], SEEK_SET) = 0
read(3, "\0\0\0\0\0\0\0\0\0\0\0\0\0\0\0\0\0\0\0\0\0\0\0\0\0\0\0\0\0\0\0\0"..., 2800) = 2800
_llseek(3, 1289788, [1289788], SEEK_SET) = 0
read(3, "A.\0\0\0aeabi\0\1$\0\0\0\0056\0\6\6\10\1\t\1\n\2\22\4\23\1\24"..., 47) = 47
_llseek(3, 1293204, [1293204], SEEK_SET) = 0
read(3, "\0\0\0\0\0\0\0\0\0\0\0\0\0\0\0\0\0\0\0\0\0\0\0\0\0\0\0\0\0\0\0\0"..., 2800) = 2800
_llseek(3, 1289788, [1289788], SEEK_SET) = 0
read(3, "A.\0\0\0aeabi\0\1$\0\0\0\0056\0\6\6\10\1\t\1\n\2\22\4\23\1\24"..., 47) = 47
_llseek(3, 1293204, [1293204], SEEK_SET) = 0
read(3, "\0\0\0\0\0\0\0\0\0\0\0\0\0\0\0\0\0\0\0\0\0\0\0\0\0\0\0\0\0\0\0\0"..., 2800) = 2800
_llseek(3, 1289788, [1289788], SEEK_SET) = 0
read(3, "A.\0\0\0aeabi\0\1$\0\0\0\0056\0\6\6\10\1\t\1\n\2\22\4\23\1\24"..., 47) = 47
_llseek(3, 1293204, [1293204], SEEK_SET) = 0
read(3, "\0\0\0\0\0\0\0\0\0\0\0\0\0\0\0\0\0\0\0\0\0\0\0\0\0\0\0\0\0\0\0\0"..., 2800) = 2800
_llseek(3, 1289788, [1289788], SEEK_SET) = 0
read(3, "A.\0\0\0aeabi\0\1$\0\0\0\0056\0\6\6\10\1\t\1\n\2\22\4\23\1\24"..., 47) = 47
_llseek(3, 1293204, [1293204], SEEK_SET) = 0
read(3, "\0\0\0\0\0\0\0\0\0\0\0\0\0\0\0\0\0\0\0\0\0\0\0\0\0\0\0\0\0\0\0\0"..., 2800) = 2800
_llseek(3, 1289788, [1289788], SEEK_SET) = 0
read(3, "A.\0\0\0aeabi\0\1$\0\0\0\0056\0\6\6\10\1\t\1\n\2\22\4\23\1\24"..., 47) = 47
_llseek(3, 1293204, [1293204], SEEK_SET) = 0
read(3, "\0\0\0\0\0\0\0\0\0\0\0\0\0\0\0\0\0\0\0\0\0\0\0\0\0\0\0\0\0\0\0\0"..., 2800) = 2800
_llseek(3, 1289788, [1289788], SEEK_SET) = 0
read(3, "A.\0\0\0aeabi\0\1$\0\0\0\0056\0\6\6\10\1\t\1\n\2\22\4\23\1\24"..., 47) = 47
fstat64(3, {st_mode=S_IFREG|0755, st_size=1296004, ...}) = 0
mmap2(NULL, 1364764, PROT_READ|PROT_EXEC, MAP_PRIVATE|MAP_DENYWRITE, 3, 0) = 0xb6c8f000
mprotect(0xb6dc7000, 65536, PROT_NONE)  = 0
mmap2(0xb6dd7000, 12288, PROT_READ|PROT_WRITE, MAP_PRIVATE|MAP_FIXED|MAP_DENYWRITE, 3, 0x138000) = 0xb6dd7000
mmap2(0xb6dda000, 8988, PROT_READ|PROT_WRITE, MAP_PRIVATE|MAP_FIXED|MAP_ANONYMOUS, -1, 0) = 0xb6dda000
close(3)                                = 0
openat(AT_FDCWD, "/lib/arm-linux-gnueabihf/libgcc_s.so.1", O_RDONLY|O_LARGEFILE|O_CLOEXEC) = 3
read(3, "\177ELF\1\1\1\0\0\0\0\0\0\0\0\0\3\0(\0\1\0\0\0\270\321\0\0004\0\0\0"..., 512) = 512
_llseek(3, 115284, [115284], SEEK_SET)  = 0
read(3, "\0\0\0\0\0\0\0\0\0\0\0\0\0\0\0\0\0\0\0\0\0\0\0\0\0\0\0\0\0\0\0\0"..., 1040) = 1040
_llseek(3, 114940, [114940], SEEK_SET)  = 0
read(3, "A,\0\0\0aeabi\0\1\"\0\0\0\0056\0\6\6\10\1\t\1\n\2\22\4\24\1\25"..., 45) = 45
_llseek(3, 115284, [115284], SEEK_SET)  = 0
read(3, "\0\0\0\0\0\0\0\0\0\0\0\0\0\0\0\0\0\0\0\0\0\0\0\0\0\0\0\0\0\0\0\0"..., 1040) = 1040
_llseek(3, 114940, [114940], SEEK_SET)  = 0
read(3, "A,\0\0\0aeabi\0\1\"\0\0\0\0056\0\6\6\10\1\t\1\n\2\22\4\24\1\25"..., 45) = 45
_llseek(3, 115284, [115284], SEEK_SET)  = 0
read(3, "\0\0\0\0\0\0\0\0\0\0\0\0\0\0\0\0\0\0\0\0\0\0\0\0\0\0\0\0\0\0\0\0"..., 1040) = 1040
_llseek(3, 114940, [114940], SEEK_SET)  = 0
read(3, "A,\0\0\0aeabi\0\1\"\0\0\0\0056\0\6\6\10\1\t\1\n\2\22\4\24\1\25"..., 45) = 45
_llseek(3, 115284, [115284], SEEK_SET)  = 0
read(3, "\0\0\0\0\0\0\0\0\0\0\0\0\0\0\0\0\0\0\0\0\0\0\0\0\0\0\0\0\0\0\0\0"..., 1040) = 1040
_llseek(3, 114940, [114940], SEEK_SET)  = 0
read(3, "A,\0\0\0aeabi\0\1\"\0\0\0\0056\0\6\6\10\1\t\1\n\2\22\4\24\1\25"..., 45) = 45
_llseek(3, 115284, [115284], SEEK_SET)  = 0
read(3, "\0\0\0\0\0\0\0\0\0\0\0\0\0\0\0\0\0\0\0\0\0\0\0\0\0\0\0\0\0\0\0\0"..., 1040) = 1040
_llseek(3, 114940, [114940], SEEK_SET)  = 0
read(3, "A,\0\0\0aeabi\0\1\"\0\0\0\0056\0\6\6\10\1\t\1\n\2\22\4\24\1\25"..., 45) = 45
_llseek(3, 115284, [115284], SEEK_SET)  = 0
read(3, "\0\0\0\0\0\0\0\0\0\0\0\0\0\0\0\0\0\0\0\0\0\0\0\0\0\0\0\0\0\0\0\0"..., 1040) = 1040
_llseek(3, 114940, [114940], SEEK_SET)  = 0
read(3, "A,\0\0\0aeabi\0\1\"\0\0\0\0056\0\6\6\10\1\t\1\n\2\22\4\24\1\25"..., 45) = 45
fstat64(3, {st_mode=S_IFREG|0644, st_size=116324, ...}) = 0
mmap2(NULL, 180532, PROT_READ|PROT_EXEC, MAP_PRIVATE|MAP_DENYWRITE, 3, 0) = 0xb6c62000
mprotect(0xb6c7e000, 61440, PROT_NONE)  = 0
mmap2(0xb6c8d000, 8192, PROT_READ|PROT_WRITE, MAP_PRIVATE|MAP_FIXED|MAP_DENYWRITE, 3, 0x1b000) = 0xb6c8d000
close(3)                                = 0
mmap2(NULL, 8192, PROT_READ|PROT_WRITE, MAP_PRIVATE|MAP_ANONYMOUS, -1, 0) = 0xb6f92000
set_tls(0xb6f92f90)                     = 0
mprotect(0xb6dd7000, 8192, PROT_READ)   = 0
mprotect(0xb6c8d000, 4096, PROT_READ)   = 0
mprotect(0xb6e5d000, 4096, PROT_READ)   = 0
mprotect(0xb6e88000, 4096, PROT_READ)   = 0
mprotect(0xb6ec8000, 8192, PROT_READ)   = 0
mprotect(0xb6edc000, 4096, PROT_READ)   = 0
mprotect(0xb6eef000, 4096, PROT_READ)   = 0
mprotect(0xb6f17000, 4096, PROT_READ)   = 0
mprotect(0xb6f32000, 4096, PROT_READ)   = 0
mprotect(0xb6f6e000, 4096, PROT_READ)   = 0
mprotect(0x3b5000, 4096, PROT_READ)     = 0
mprotect(0xb6fa0000, 4096, PROT_READ)   = 0
munmap(0xb6f94000, 38821)               = 0
set_tid_address(0xb6f92b38)             = 27693
set_robust_list(0xb6f92b40, 12)         = 0
rt_sigaction(SIGRTMIN, {sa_handler=0xb6ef58e8, sa_mask=[], sa_flags=SA_RESTORER|SA_SIGINFO, sa_restorer=0xb6cbc130}, NULL, 8) = 0
rt_sigaction(SIGRT_1, {sa_handler=0xb6ef59a4, sa_mask=[], sa_flags=SA_RESTORER|SA_RESTART|SA_SIGINFO, sa_restorer=0xb6cbc130}, NULL, 8) = 0
rt_sigprocmask(SIG_UNBLOCK, [RTMIN RT_1], NULL, 8) = 0
ugetrlimit(RLIMIT_STACK, {rlim_cur=8192*1024, rlim_max=RLIM_INFINITY}) = 0
brk(NULL)                               = 0x925000
brk(0x946000)                           = 0x946000
openat(AT_FDCWD, "/usr/lib/locale/locale-archive", O_RDONLY|O_LARGEFILE|O_CLOEXEC) = 3
fstat64(3, {st_mode=S_IFREG|0644, st_size=3031696, ...}) = 0
mmap2(NULL, 2097152, PROT_READ, MAP_PRIVATE, 3, 0) = 0xb6a62000
mmap2(NULL, 2596864, PROT_READ, MAP_PRIVATE, 3, 0x6b000) = 0xb67e8000
close(3)                                = 0
openat(AT_FDCWD, "/usr/lib/arm-linux-gnueabihf/gconv/gconv-modules.cache", O_RDONLY) = 3
fstat64(3, {st_mode=S_IFREG|0644, st_size=26406, ...}) = 0
mmap2(NULL, 26406, PROT_READ, MAP_SHARED, 3, 0) = 0xb6f97000
close(3)                                = 0
futex(0xb6dd9f18, FUTEX_WAKE_PRIVATE, 2147483647) = 0
stat64("/home/commojun/.local/bin/python3", 0xbeade0d8) = -1 ENOENT (No such file or directory)
stat64("/usr/local/sbin/python3", 0xbeade0d8) = -1 ENOENT (No such file or directory)
stat64("/usr/local/bin/python3", 0xbeade0d8) = -1 ENOENT (No such file or directory)
stat64("/usr/sbin/python3", 0xbeade0d8) = -1 ENOENT (No such file or directory)
stat64("/usr/bin/python3", {st_mode=S_IFREG|0755, st_size=4275580, ...}) = 0
readlink("/usr/bin/python3", "python3.7", 4096) = 9
readlink("/usr/bin/python3.7", 0xbead80a0, 4096) = -1 EINVAL (Invalid argument)
openat(AT_FDCWD, "/usr/bin/pyvenv.cfg", O_RDONLY|O_LARGEFILE) = -1 ENOENT (No such file or directory)
openat(AT_FDCWD, "/usr/pyvenv.cfg", O_RDONLY|O_LARGEFILE) = -1 ENOENT (No such file or directory)
stat64("/usr/bin/Modules/Setup", 0xbeade0d8) = -1 ENOENT (No such file or directory)
stat64("/usr/bin/lib/python3.7/os.py", 0xbead9048) = -1 ENOENT (No such file or directory)
stat64("/usr/bin/lib/python3.7/os.pyc", 0xbead9048) = -1 ENOENT (No such file or directory)
stat64("/usr/lib/python3.7/os.py", {st_mode=S_IFREG|0644, st_size=37756, ...}) = 0
stat64("/usr/bin/pybuilddir.txt", 0xbead90d0) = -1 ENOENT (No such file or directory)
stat64("/usr/bin/lib/python3.7/lib-dynload", 0xbead90d0) = -1 ENOENT (No such file or directory)
stat64("/usr/lib/python3.7/lib-dynload", {st_mode=S_IFDIR|0755, st_size=12288, ...}) = 0
ioctl(0, TCGETS, {B38400 opost isig icanon echo ...}) = 0
getrandom("\x4f\x80\x09\xc1\x6b\xfe\x39\x72\xe3\x60\x4e\x48\x2c\x9f\x39\x4a\x6d\x8a\xe7\xcf\x3f\x2a\x11\x5b", 24, GRND_NONBLOCK) = 24
mmap2(NULL, 262144, PROT_READ|PROT_WRITE, MAP_PRIVATE|MAP_ANONYMOUS, -1, 0) = 0xb67a8000
fstat64(0, {st_mode=S_IFCHR|0620, st_rdev=makedev(0x88, 0x3), ...}) = 0
mmap2(NULL, 262144, PROT_READ|PROT_WRITE, MAP_PRIVATE|MAP_ANONYMOUS, -1, 0) = 0xb6768000
clock_gettime(CLOCK_REALTIME, {tv_sec=1586155039, tv_nsec=501620522}) = 0
clock_gettime(CLOCK_MONOTONIC, {tv_sec=312218, tv_nsec=463972572}) = 0
clock_gettime(CLOCK_MONOTONIC, {tv_sec=312218, tv_nsec=464148920}) = 0
mmap2(NULL, 262144, PROT_READ|PROT_WRITE, MAP_PRIVATE|MAP_ANONYMOUS, -1, 0) = 0xb6728000
brk(0x967000)                           = 0x967000
sysinfo({uptime=312219, loads=[0, 0, 0], totalram=4095750144, freeram=2279297024, sharedram=9183232, bufferram=107180032, totalswap=0, freeswap=0, procs=229, totalhigh=3342860288, freehigh=1834516480, mem_unit=1}) = 0
sigaltstack({ss_sp=0x933f30, ss_flags=0, ss_size=8192}, {ss_sp=NULL, ss_flags=SS_DISABLE, ss_size=0}) = 0
stat64("/usr/lib/python37.zip", 0xbeae9568) = -1 ENOENT (No such file or directory)
stat64("/usr/lib", {st_mode=S_IFDIR|0755, st_size=4096, ...}) = 0
stat64("/usr/lib/python37.zip", 0xbeae90b0) = -1 ENOENT (No such file or directory)
stat64("/usr/lib/python3.7", {st_mode=S_IFDIR|0755, st_size=20480, ...}) = 0
stat64("/usr/lib/python3.7", {st_mode=S_IFDIR|0755, st_size=20480, ...}) = 0
stat64("/usr/lib/python3.7", {st_mode=S_IFDIR|0755, st_size=20480, ...}) = 0
openat(AT_FDCWD, "/usr/lib/python3.7", O_RDONLY|O_NONBLOCK|O_LARGEFILE|O_CLOEXEC|O_DIRECTORY) = 3
fstat64(3, {st_mode=S_IFDIR|0755, st_size=20480, ...}) = 0
getdents64(3, /* 204 entries */, 32768) = 6808
getdents64(3, /* 0 entries */, 32768)   = 0
close(3)                                = 0
stat64("/usr/lib/python3.7/encodings/__init__.cpython-37m-arm-linux-gnueabihf.so", 0xbeae9330) = -1 ENOENT (No such file or directory)
stat64("/usr/lib/python3.7/encodings/__init__.abi3.so", 0xbeae9330) = -1 ENOENT (No such file or directory)
stat64("/usr/lib/python3.7/encodings/__init__.so", 0xbeae9330) = -1 ENOENT (No such file or directory)
stat64("/usr/lib/python3.7/encodings/__init__.py", {st_mode=S_IFREG|0644, st_size=5668, ...}) = 0
stat64("/usr/lib/python3.7/encodings/__init__.py", {st_mode=S_IFREG|0644, st_size=5668, ...}) = 0
openat(AT_FDCWD, "/usr/lib/python3.7/encodings/__pycache__/__init__.cpython-37.pyc", O_RDONLY|O_LARGEFILE|O_CLOEXEC) = 3
fcntl64(3, F_GETFD)                     = 0x1 (flags FD_CLOEXEC)
fstat64(3, {st_mode=S_IFREG|0644, st_size=3929, ...}) = 0
_llseek(3, 0, [0], SEEK_CUR)            = 0
fstat64(3, {st_mode=S_IFREG|0644, st_size=3929, ...}) = 0
read(3, "B\r\r\n\0\0\0\0\267\31\375]$\26\0\0\343\0\0\0\0\0\0\0\0\0\0\0\0\5\0\0"..., 3930) = 3929
read(3, "", 1)                          = 0
close(3)                                = 0
stat64("/usr/lib/python3.7", {st_mode=S_IFDIR|0755, st_size=20480, ...}) = 0
stat64("/usr/lib/python3.7/codecs.py", {st_mode=S_IFREG|0644, st_size=36287, ...}) = 0
stat64("/usr/lib/python3.7/codecs.py", {st_mode=S_IFREG|0644, st_size=36287, ...}) = 0
openat(AT_FDCWD, "/usr/lib/python3.7/__pycache__/codecs.cpython-37.pyc", O_RDONLY|O_LARGEFILE|O_CLOEXEC) = 3
fstat64(3, {st_mode=S_IFREG|0644, st_size=33880, ...}) = 0
_llseek(3, 0, [0], SEEK_CUR)            = 0
fstat64(3, {st_mode=S_IFREG|0644, st_size=33880, ...}) = 0
read(3, "B\r\r\n\0\0\0\0\267\31\375]\277\215\0\0\343\0\0\0\0\0\0\0\0\0\0\0\0,\0\0"..., 33881) = 33880
read(3, "", 1)                          = 0
close(3)                                = 0
stat64("/usr/lib/python3.7/encodings", {st_mode=S_IFDIR|0755, st_size=20480, ...}) = 0
stat64("/usr/lib/python3.7/encodings", {st_mode=S_IFDIR|0755, st_size=20480, ...}) = 0
stat64("/usr/lib/python3.7/encodings", {st_mode=S_IFDIR|0755, st_size=20480, ...}) = 0
openat(AT_FDCWD, "/usr/lib/python3.7/encodings", O_RDONLY|O_NONBLOCK|O_LARGEFILE|O_CLOEXEC|O_DIRECTORY) = 3
fstat64(3, {st_mode=S_IFDIR|0755, st_size=20480, ...}) = 0
getdents64(3, /* 128 entries */, 32768) = 4336
getdents64(3, /* 0 entries */, 32768)   = 0
close(3)                                = 0
stat64("/usr/lib/python3.7/encodings/aliases.py", {st_mode=S_IFREG|0644, st_size=15577, ...}) = 0
stat64("/usr/lib/python3.7/encodings/aliases.py", {st_mode=S_IFREG|0644, st_size=15577, ...}) = 0
openat(AT_FDCWD, "/usr/lib/python3.7/encodings/__pycache__/aliases.cpython-37.pyc", O_RDONLY|O_LARGEFILE|O_CLOEXEC) = 3
fstat64(3, {st_mode=S_IFREG|0644, st_size=6278, ...}) = 0
_llseek(3, 0, [0], SEEK_CUR)            = 0
fstat64(3, {st_mode=S_IFREG|0644, st_size=6278, ...}) = 0
read(3, "B\r\r\n\0\0\0\0\267\31\375]\331<\0\0\343\0\0\0\0\0\0\0\0\0\0\0\0D\1\0"..., 6279) = 6278
read(3, "", 1)                          = 0
close(3)                                = 0
stat64("/usr/lib/python3.7/encodings", {st_mode=S_IFDIR|0755, st_size=20480, ...}) = 0
stat64("/usr/lib/python3.7/encodings/utf_8.py", {st_mode=S_IFREG|0644, st_size=1005, ...}) = 0
stat64("/usr/lib/python3.7/encodings/utf_8.py", {st_mode=S_IFREG|0644, st_size=1005, ...}) = 0
openat(AT_FDCWD, "/usr/lib/python3.7/encodings/__pycache__/utf_8.cpython-37.pyc", O_RDONLY|O_LARGEFILE|O_CLOEXEC) = 3
fstat64(3, {st_mode=S_IFREG|0644, st_size=1596, ...}) = 0
_llseek(3, 0, [0], SEEK_CUR)            = 0
fstat64(3, {st_mode=S_IFREG|0644, st_size=1596, ...}) = 0
read(3, "B\r\r\n\0\0\0\0\267\31\375]\355\3\0\0\343\0\0\0\0\0\0\0\0\0\0\0\0\4\0\0"..., 1597) = 1596
read(3, "", 1)                          = 0
close(3)                                = 0
rt_sigaction(SIGPIPE, {sa_handler=SIG_IGN, sa_mask=[], sa_flags=SA_RESTORER, sa_restorer=0xb6cbc120}, {sa_handler=SIG_DFL, sa_mask=[], sa_flags=0}, 8) = 0
rt_sigaction(SIGXFSZ, {sa_handler=SIG_IGN, sa_mask=[], sa_flags=SA_RESTORER, sa_restorer=0xb6cbc120}, {sa_handler=SIG_DFL, sa_mask=[], sa_flags=0}, 8) = 0
getpid()                                = 27693
rt_sigaction(SIGHUP, NULL, {sa_handler=SIG_DFL, sa_mask=[], sa_flags=0}, 8) = 0
rt_sigaction(SIGINT, NULL, {sa_handler=SIG_DFL, sa_mask=[], sa_flags=0}, 8) = 0
rt_sigaction(SIGQUIT, NULL, {sa_handler=SIG_DFL, sa_mask=[], sa_flags=0}, 8) = 0
rt_sigaction(SIGILL, NULL, {sa_handler=SIG_DFL, sa_mask=[], sa_flags=0}, 8) = 0
rt_sigaction(SIGTRAP, NULL, {sa_handler=SIG_DFL, sa_mask=[], sa_flags=0}, 8) = 0
rt_sigaction(SIGABRT, NULL, {sa_handler=SIG_DFL, sa_mask=[], sa_flags=0}, 8) = 0
rt_sigaction(SIGBUS, NULL, {sa_handler=SIG_DFL, sa_mask=[], sa_flags=0}, 8) = 0
rt_sigaction(SIGFPE, NULL, {sa_handler=SIG_DFL, sa_mask=[], sa_flags=0}, 8) = 0
rt_sigaction(SIGKILL, NULL, {sa_handler=SIG_DFL, sa_mask=[], sa_flags=0}, 8) = 0
rt_sigaction(SIGUSR1, NULL, {sa_handler=SIG_DFL, sa_mask=[], sa_flags=0}, 8) = 0
rt_sigaction(SIGSEGV, NULL, {sa_handler=SIG_DFL, sa_mask=[], sa_flags=0}, 8) = 0
rt_sigaction(SIGUSR2, NULL, {sa_handler=SIG_DFL, sa_mask=[], sa_flags=0}, 8) = 0
rt_sigaction(SIGPIPE, NULL, {sa_handler=SIG_IGN, sa_mask=[], sa_flags=SA_RESTORER, sa_restorer=0xb6cbc120}, 8) = 0
rt_sigaction(SIGALRM, NULL, {sa_handler=SIG_DFL, sa_mask=[], sa_flags=0}, 8) = 0
rt_sigaction(SIGTERM, NULL, {sa_handler=SIG_DFL, sa_mask=[], sa_flags=0}, 8) = 0
rt_sigaction(SIGSTKFLT, NULL, {sa_handler=SIG_DFL, sa_mask=[], sa_flags=0}, 8) = 0
rt_sigaction(SIGCHLD, NULL, {sa_handler=SIG_DFL, sa_mask=[], sa_flags=0}, 8) = 0
rt_sigaction(SIGCONT, NULL, {sa_handler=SIG_DFL, sa_mask=[], sa_flags=0}, 8) = 0
rt_sigaction(SIGSTOP, NULL, {sa_handler=SIG_DFL, sa_mask=[], sa_flags=0}, 8) = 0
rt_sigaction(SIGTSTP, NULL, {sa_handler=SIG_DFL, sa_mask=[], sa_flags=0}, 8) = 0
rt_sigaction(SIGTTIN, NULL, {sa_handler=SIG_DFL, sa_mask=[], sa_flags=0}, 8) = 0
rt_sigaction(SIGTTOU, NULL, {sa_handler=SIG_DFL, sa_mask=[], sa_flags=0}, 8) = 0
rt_sigaction(SIGURG, NULL, {sa_handler=SIG_DFL, sa_mask=[], sa_flags=0}, 8) = 0
rt_sigaction(SIGXCPU, NULL, {sa_handler=SIG_DFL, sa_mask=[], sa_flags=0}, 8) = 0
rt_sigaction(SIGXFSZ, NULL, {sa_handler=SIG_IGN, sa_mask=[], sa_flags=SA_RESTORER, sa_restorer=0xb6cbc120}, 8) = 0
rt_sigaction(SIGVTALRM, NULL, {sa_handler=SIG_DFL, sa_mask=[], sa_flags=0}, 8) = 0
rt_sigaction(SIGPROF, NULL, {sa_handler=SIG_DFL, sa_mask=[], sa_flags=0}, 8) = 0
rt_sigaction(SIGWINCH, NULL, {sa_handler=SIG_DFL, sa_mask=[], sa_flags=0}, 8) = 0
rt_sigaction(SIGIO, NULL, {sa_handler=SIG_DFL, sa_mask=[], sa_flags=0}, 8) = 0
rt_sigaction(SIGPWR, NULL, {sa_handler=SIG_DFL, sa_mask=[], sa_flags=0}, 8) = 0
rt_sigaction(SIGSYS, NULL, {sa_handler=SIG_DFL, sa_mask=[], sa_flags=0}, 8) = 0
rt_sigaction(SIGRT_2, NULL, {sa_handler=SIG_DFL, sa_mask=[], sa_flags=0}, 8) = 0
rt_sigaction(SIGRT_3, NULL, {sa_handler=SIG_DFL, sa_mask=[], sa_flags=0}, 8) = 0
rt_sigaction(SIGRT_4, NULL, {sa_handler=SIG_DFL, sa_mask=[], sa_flags=0}, 8) = 0
rt_sigaction(SIGRT_5, NULL, {sa_handler=SIG_DFL, sa_mask=[], sa_flags=0}, 8) = 0
rt_sigaction(SIGRT_6, NULL, {sa_handler=SIG_DFL, sa_mask=[], sa_flags=0}, 8) = 0
rt_sigaction(SIGRT_7, NULL, {sa_handler=SIG_DFL, sa_mask=[], sa_flags=0}, 8) = 0
rt_sigaction(SIGRT_8, NULL, {sa_handler=SIG_DFL, sa_mask=[], sa_flags=0}, 8) = 0
rt_sigaction(SIGRT_9, NULL, {sa_handler=SIG_DFL, sa_mask=[], sa_flags=0}, 8) = 0
rt_sigaction(SIGRT_10, NULL, {sa_handler=SIG_DFL, sa_mask=[], sa_flags=0}, 8) = 0
rt_sigaction(SIGRT_11, NULL, {sa_handler=SIG_DFL, sa_mask=[], sa_flags=0}, 8) = 0
rt_sigaction(SIGRT_12, NULL, {sa_handler=SIG_DFL, sa_mask=[], sa_flags=0}, 8) = 0
rt_sigaction(SIGRT_13, NULL, {sa_handler=SIG_DFL, sa_mask=[], sa_flags=0}, 8) = 0
rt_sigaction(SIGRT_14, NULL, {sa_handler=SIG_DFL, sa_mask=[], sa_flags=0}, 8) = 0
rt_sigaction(SIGRT_15, NULL, {sa_handler=SIG_DFL, sa_mask=[], sa_flags=0}, 8) = 0
rt_sigaction(SIGRT_16, NULL, {sa_handler=SIG_DFL, sa_mask=[], sa_flags=0}, 8) = 0
rt_sigaction(SIGRT_17, NULL, {sa_handler=SIG_DFL, sa_mask=[], sa_flags=0}, 8) = 0
rt_sigaction(SIGRT_18, NULL, {sa_handler=SIG_DFL, sa_mask=[], sa_flags=0}, 8) = 0
rt_sigaction(SIGRT_19, NULL, {sa_handler=SIG_DFL, sa_mask=[], sa_flags=0}, 8) = 0
rt_sigaction(SIGRT_20, NULL, {sa_handler=SIG_DFL, sa_mask=[], sa_flags=0}, 8) = 0
rt_sigaction(SIGRT_21, NULL, {sa_handler=SIG_DFL, sa_mask=[], sa_flags=0}, 8) = 0
rt_sigaction(SIGRT_22, NULL, {sa_handler=SIG_DFL, sa_mask=[], sa_flags=0}, 8) = 0
rt_sigaction(SIGRT_23, NULL, {sa_handler=SIG_DFL, sa_mask=[], sa_flags=0}, 8) = 0
rt_sigaction(SIGRT_24, NULL, {sa_handler=SIG_DFL, sa_mask=[], sa_flags=0}, 8) = 0
rt_sigaction(SIGRT_25, NULL, {sa_handler=SIG_DFL, sa_mask=[], sa_flags=0}, 8) = 0
rt_sigaction(SIGRT_26, NULL, {sa_handler=SIG_DFL, sa_mask=[], sa_flags=0}, 8) = 0
rt_sigaction(SIGRT_27, NULL, {sa_handler=SIG_DFL, sa_mask=[], sa_flags=0}, 8) = 0
rt_sigaction(SIGRT_28, NULL, {sa_handler=SIG_DFL, sa_mask=[], sa_flags=0}, 8) = 0
rt_sigaction(SIGRT_29, NULL, {sa_handler=SIG_DFL, sa_mask=[], sa_flags=0}, 8) = 0
rt_sigaction(SIGRT_30, NULL, {sa_handler=SIG_DFL, sa_mask=[], sa_flags=0}, 8) = 0
rt_sigaction(SIGRT_31, NULL, {sa_handler=SIG_DFL, sa_mask=[], sa_flags=0}, 8) = 0
rt_sigaction(SIGRT_32, NULL, {sa_handler=SIG_DFL, sa_mask=[], sa_flags=0}, 8) = 0
rt_sigaction(SIGINT, {sa_handler=0x1ed104, sa_mask=[], sa_flags=SA_RESTORER, sa_restorer=0xb6cbc120}, {sa_handler=SIG_DFL, sa_mask=[], sa_flags=0}, 8) = 0
stat64("/usr/lib/python3.7/encodings", {st_mode=S_IFDIR|0755, st_size=20480, ...}) = 0
stat64("/usr/lib/python3.7/encodings/latin_1.py", {st_mode=S_IFREG|0644, st_size=1264, ...}) = 0
stat64("/usr/lib/python3.7/encodings/latin_1.py", {st_mode=S_IFREG|0644, st_size=1264, ...}) = 0
openat(AT_FDCWD, "/usr/lib/python3.7/encodings/__pycache__/latin_1.cpython-37.pyc", O_RDONLY|O_LARGEFILE|O_CLOEXEC) = 3
fstat64(3, {st_mode=S_IFREG|0644, st_size=1878, ...}) = 0
_llseek(3, 0, [0], SEEK_CUR)            = 0
fstat64(3, {st_mode=S_IFREG|0644, st_size=1878, ...}) = 0
read(3, "B\r\r\n\0\0\0\0\267\31\375]\360\4\0\0\343\0\0\0\0\0\0\0\0\0\0\0\0\5\0\0"..., 1879) = 1878
read(3, "", 1)                          = 0
close(3)                                = 0
stat64("/usr/lib/python3.7", {st_mode=S_IFDIR|0755, st_size=20480, ...}) = 0
stat64("/usr/lib/python3.7/io.py", {st_mode=S_IFREG|0644, st_size=3517, ...}) = 0
stat64("/usr/lib/python3.7/io.py", {st_mode=S_IFREG|0644, st_size=3517, ...}) = 0
openat(AT_FDCWD, "/usr/lib/python3.7/__pycache__/io.cpython-37.pyc", O_RDONLY|O_LARGEFILE|O_CLOEXEC) = 3
fstat64(3, {st_mode=S_IFREG|0644, st_size=3391, ...}) = 0
_llseek(3, 0, [0], SEEK_CUR)            = 0
fstat64(3, {st_mode=S_IFREG|0644, st_size=3391, ...}) = 0
read(3, "B\r\r\n\0\0\0\0\267\31\375]\275\r\0\0\343\0\0\0\0\0\0\0\0\0\0\0\0\22\0\0"..., 3392) = 3391
read(3, "", 1)                          = 0
close(3)                                = 0
stat64("/usr/lib/python3.7", {st_mode=S_IFDIR|0755, st_size=20480, ...}) = 0
stat64("/usr/lib/python3.7/abc.py", {st_mode=S_IFREG|0644, st_size=5580, ...}) = 0
stat64("/usr/lib/python3.7/abc.py", {st_mode=S_IFREG|0644, st_size=5580, ...}) = 0
openat(AT_FDCWD, "/usr/lib/python3.7/__pycache__/abc.cpython-37.pyc", O_RDONLY|O_LARGEFILE|O_CLOEXEC) = 3
fstat64(3, {st_mode=S_IFREG|0644, st_size=6433, ...}) = 0
_llseek(3, 0, [0], SEEK_CUR)            = 0
fstat64(3, {st_mode=S_IFREG|0644, st_size=6433, ...}) = 0
read(3, "B\r\r\n\0\0\0\0\267\31\375]\314\25\0\0\343\0\0\0\0\0\0\0\0\0\0\0\0\10\0\0"..., 6434) = 6433
read(3, "", 1)                          = 0
close(3)                                = 0
dup(0)                                  = 3
close(3)                                = 0
fstat64(0, {st_mode=S_IFCHR|0620, st_rdev=makedev(0x88, 0x3), ...}) = 0
ioctl(0, TCGETS, {B38400 opost isig icanon echo ...}) = 0
_llseek(0, 0, 0xbeae9de8, SEEK_CUR)     = -1 ESPIPE (Illegal seek)
ioctl(0, TCGETS, {B38400 opost isig icanon echo ...}) = 0
ioctl(0, TCGETS, {B38400 opost isig icanon echo ...}) = 0
dup(1)                                  = 3
close(3)                                = 0
fstat64(1, {st_mode=S_IFCHR|0620, st_rdev=makedev(0x88, 0x3), ...}) = 0
ioctl(1, TCGETS, {B38400 opost isig icanon echo ...}) = 0
_llseek(1, 0, 0xbeae9dc8, SEEK_CUR)     = -1 ESPIPE (Illegal seek)
ioctl(1, TCGETS, {B38400 opost isig icanon echo ...}) = 0
ioctl(1, TCGETS, {B38400 opost isig icanon echo ...}) = 0
dup(2)                                  = 3
close(3)                                = 0
fstat64(2, {st_mode=S_IFCHR|0620, st_rdev=makedev(0x88, 0x3), ...}) = 0
ioctl(2, TCGETS, {B38400 opost isig icanon echo ...}) = 0
_llseek(2, 0, 0xbeae9dc8, SEEK_CUR)     = -1 ESPIPE (Illegal seek)
ioctl(2, TCGETS, {B38400 opost isig icanon echo ...}) = 0
ioctl(2, TCGETS, {B38400 opost isig icanon echo ...}) = 0
stat64("/usr/lib/python3.7", {st_mode=S_IFDIR|0755, st_size=20480, ...}) = 0
stat64("/usr/lib/python3.7/site.py", {st_mode=S_IFREG|0644, st_size=22656, ...}) = 0
stat64("/usr/lib/python3.7/site.py", {st_mode=S_IFREG|0644, st_size=22656, ...}) = 0
openat(AT_FDCWD, "/usr/lib/python3.7/__pycache__/site.cpython-37.pyc", O_RDONLY|O_LARGEFILE|O_CLOEXEC) = 3
fstat64(3, {st_mode=S_IFREG|0644, st_size=17139, ...}) = 0
_llseek(3, 0, [0], SEEK_CUR)            = 0
fstat64(3, {st_mode=S_IFREG|0644, st_size=17139, ...}) = 0
read(3, "B\r\r\n\0\0\0\0\267\31\375]\200X\0\0\343\0\0\0\0\0\0\0\0\0\0\0\0\3\0\0"..., 17140) = 17139
read(3, "", 1)                          = 0
close(3)                                = 0
stat64("/usr/lib/python3.7", {st_mode=S_IFDIR|0755, st_size=20480, ...}) = 0
stat64("/usr/lib/python3.7/os.py", {st_mode=S_IFREG|0644, st_size=37756, ...}) = 0
stat64("/usr/lib/python3.7/os.py", {st_mode=S_IFREG|0644, st_size=37756, ...}) = 0
openat(AT_FDCWD, "/usr/lib/python3.7/__pycache__/os.cpython-37.pyc", O_RDONLY|O_LARGEFILE|O_CLOEXEC) = 3
fstat64(3, {st_mode=S_IFREG|0644, st_size=29675, ...}) = 0
_llseek(3, 0, [0], SEEK_CUR)            = 0
fstat64(3, {st_mode=S_IFREG|0644, st_size=29675, ...}) = 0
read(3, "B\r\r\n\0\0\0\0\267\31\375]|\223\0\0\343\0\0\0\0\0\0\0\0\0\0\0\0\23\0\0"..., 29676) = 29675
read(3, "", 1)                          = 0
close(3)                                = 0
mmap2(NULL, 262144, PROT_READ|PROT_WRITE, MAP_PRIVATE|MAP_ANONYMOUS, -1, 0) = 0xb66e8000
stat64("/usr/lib/python3.7", {st_mode=S_IFDIR|0755, st_size=20480, ...}) = 0
stat64("/usr/lib/python3.7/stat.py", {st_mode=S_IFREG|0644, st_size=5038, ...}) = 0
stat64("/usr/lib/python3.7/stat.py", {st_mode=S_IFREG|0644, st_size=5038, ...}) = 0
openat(AT_FDCWD, "/usr/lib/python3.7/__pycache__/stat.cpython-37.pyc", O_RDONLY|O_LARGEFILE|O_CLOEXEC) = 3
fstat64(3, {st_mode=S_IFREG|0644, st_size=3855, ...}) = 0
_llseek(3, 0, [0], SEEK_CUR)            = 0
fstat64(3, {st_mode=S_IFREG|0644, st_size=3855, ...}) = 0
read(3, "B\r\r\n\0\0\0\0\267\31\375]\256\23\0\0\343\0\0\0\0\0\0\0\0\0\0\0\0\r\0\0"..., 3856) = 3855
read(3, "", 1)                          = 0
close(3)                                = 0
stat64("/usr/lib/python3.7", {st_mode=S_IFDIR|0755, st_size=20480, ...}) = 0
stat64("/usr/lib/python3.7/posixpath.py", {st_mode=S_IFREG|0644, st_size=15772, ...}) = 0
stat64("/usr/lib/python3.7/posixpath.py", {st_mode=S_IFREG|0644, st_size=15772, ...}) = 0
openat(AT_FDCWD, "/usr/lib/python3.7/__pycache__/posixpath.cpython-37.pyc", O_RDONLY|O_LARGEFILE|O_CLOEXEC) = 3
fstat64(3, {st_mode=S_IFREG|0644, st_size=10412, ...}) = 0
_llseek(3, 0, [0], SEEK_CUR)            = 0
fstat64(3, {st_mode=S_IFREG|0644, st_size=10412, ...}) = 0
read(3, "B\r\r\n\0\0\0\0\267\31\375]\234=\0\0\343\0\0\0\0\0\0\0\0\0\0\0\0&\0\0"..., 10413) = 10412
read(3, "", 1)                          = 0
close(3)                                = 0
stat64("/usr/lib/python3.7", {st_mode=S_IFDIR|0755, st_size=20480, ...}) = 0
stat64("/usr/lib/python3.7/genericpath.py", {st_mode=S_IFREG|0644, st_size=4756, ...}) = 0
stat64("/usr/lib/python3.7/genericpath.py", {st_mode=S_IFREG|0644, st_size=4756, ...}) = 0
openat(AT_FDCWD, "/usr/lib/python3.7/__pycache__/genericpath.cpython-37.pyc", O_RDONLY|O_LARGEFILE|O_CLOEXEC) = 3
fstat64(3, {st_mode=S_IFREG|0644, st_size=3730, ...}) = 0
_llseek(3, 0, [0], SEEK_CUR)            = 0
fstat64(3, {st_mode=S_IFREG|0644, st_size=3730, ...}) = 0
read(3, "B\r\r\n\0\0\0\0\267\31\375]\224\22\0\0\343\0\0\0\0\0\0\0\0\0\0\0\0\v\0\0"..., 3731) = 3730
read(3, "", 1)                          = 0
close(3)                                = 0
stat64("/usr/lib/python3.7", {st_mode=S_IFDIR|0755, st_size=20480, ...}) = 0
stat64("/usr/lib/python3.7/_collections_abc.py", {st_mode=S_IFREG|0644, st_size=26424, ...}) = 0
stat64("/usr/lib/python3.7/_collections_abc.py", {st_mode=S_IFREG|0644, st_size=26424, ...}) = 0
openat(AT_FDCWD, "/usr/lib/python3.7/__pycache__/_collections_abc.cpython-37.pyc", O_RDONLY|O_LARGEFILE|O_CLOEXEC) = 3
fstat64(3, {st_mode=S_IFREG|0644, st_size=28924, ...}) = 0
_llseek(3, 0, [0], SEEK_CUR)            = 0
fstat64(3, {st_mode=S_IFREG|0644, st_size=28924, ...}) = 0
read(3, "B\r\r\n\0\0\0\0\267\31\375]8g\0\0\343\0\0\0\0\0\0\0\0\0\0\0\0\31\0\0"..., 28925) = 28924
read(3, "", 1)                          = 0
close(3)                                = 0
brk(0x994000)                           = 0x994000
stat64("/usr/lib/python3.7", {st_mode=S_IFDIR|0755, st_size=20480, ...}) = 0
stat64("/usr/lib/python3.7/_sitebuiltins.py", {st_mode=S_IFREG|0644, st_size=3115, ...}) = 0
stat64("/usr/lib/python3.7/_sitebuiltins.py", {st_mode=S_IFREG|0644, st_size=3115, ...}) = 0
openat(AT_FDCWD, "/usr/lib/python3.7/__pycache__/_sitebuiltins.cpython-37.pyc", O_RDONLY|O_LARGEFILE|O_CLOEXEC) = 3
fstat64(3, {st_mode=S_IFREG|0644, st_size=3447, ...}) = 0
_llseek(3, 0, [0], SEEK_CUR)            = 0
fstat64(3, {st_mode=S_IFREG|0644, st_size=3447, ...}) = 0
read(3, "B\r\r\n\0\0\0\0\267\31\375]+\f\0\0\343\0\0\0\0\0\0\0\0\0\0\0\0\4\0\0"..., 3448) = 3447
read(3, "", 1)                          = 0
close(3)                                = 0
stat64("/usr/bin/pyvenv.cfg", 0xbeae9230) = -1 ENOENT (No such file or directory)
stat64("/usr/pyvenv.cfg", 0xbeae9230)   = -1 ENOENT (No such file or directory)
geteuid32()                             = 1001
getuid32()                              = 1001
getegid32()                             = 1001
getgid32()                              = 1001
stat64("/home/commojun/.local/lib/python3.7/site-packages", {st_mode=S_IFDIR|0700, st_size=4096, ...}) = 0
openat(AT_FDCWD, "/home/commojun/.local/lib/python3.7/site-packages", O_RDONLY|O_NONBLOCK|O_LARGEFILE|O_CLOEXEC|O_DIRECTORY) = 3
fstat64(3, {st_mode=S_IFDIR|0700, st_size=4096, ...}) = 0
getdents64(3, /* 37 entries */, 32768)  = 1608
getdents64(3, /* 0 entries */, 32768)   = 0
close(3)                                = 0
openat(AT_FDCWD, "/home/commojun/.local/lib/python3.7/site-packages/google_api_core-1.16.0-py3.8-nspkg.pth", O_RDONLY|O_LARGEFILE|O_CLOEXEC) = 3
fstat64(3, {st_mode=S_IFREG|0644, st_size=539, ...}) = 0
ioctl(3, TCGETS, 0xbeae9118)            = -1 ENOTTY (Inappropriate ioctl for device)
_llseek(3, 0, [0], SEEK_CUR)            = 0
ioctl(3, TCGETS, 0xbeae90e8)            = -1 ENOTTY (Inappropriate ioctl for device)
stat64("/usr/lib/python3.7", {st_mode=S_IFDIR|0755, st_size=20480, ...}) = 0
stat64("/usr/lib/python3.7/_bootlocale.py", {st_mode=S_IFREG|0644, st_size=1801, ...}) = 0
stat64("/usr/lib/python3.7/_bootlocale.py", {st_mode=S_IFREG|0644, st_size=1801, ...}) = 0
openat(AT_FDCWD, "/usr/lib/python3.7/__pycache__/_bootlocale.cpython-37.pyc", O_RDONLY|O_LARGEFILE|O_CLOEXEC) = 4
fstat64(4, {st_mode=S_IFREG|0644, st_size=1231, ...}) = 0
_llseek(4, 0, [0], SEEK_CUR)            = 0
fstat64(4, {st_mode=S_IFREG|0644, st_size=1231, ...}) = 0
read(4, "B\r\r\n\0\0\0\0\267\31\375]\t\7\0\0\343\0\0\0\0\0\0\0\0\0\0\0\0\10\0\0"..., 1232) = 1231
read(4, "", 1)                          = 0
close(4)                                = 0
read(3, "import sys, types, os;has_mfs = "..., 8192) = 539
stat64("/usr/lib/python3.7", {st_mode=S_IFDIR|0755, st_size=20480, ...}) = 0
stat64("/usr/lib/python3.7/types.py", {st_mode=S_IFREG|0644, st_size=9897, ...}) = 0
stat64("/usr/lib/python3.7/types.py", {st_mode=S_IFREG|0644, st_size=9897, ...}) = 0
openat(AT_FDCWD, "/usr/lib/python3.7/__pycache__/types.cpython-37.pyc", O_RDONLY|O_LARGEFILE|O_CLOEXEC) = 4
fstat64(4, {st_mode=S_IFREG|0644, st_size=8958, ...}) = 0
_llseek(4, 0, [0], SEEK_CUR)            = 0
fstat64(4, {st_mode=S_IFREG|0644, st_size=8958, ...}) = 0
read(4, "B\r\r\n\0\0\0\0\267\31\375]\251&\0\0\343\0\0\0\0\0\0\0\0\0\0\0\0\10\0\0"..., 8959) = 8958
read(4, "", 1)                          = 0
close(4)                                = 0
stat64("/usr/lib/python3.7", {st_mode=S_IFDIR|0755, st_size=20480, ...}) = 0
stat64("/usr/lib/python3.7/importlib/__init__.cpython-37m-arm-linux-gnueabihf.so", 0xbeae7f48) = -1 ENOENT (No such file or directory)
stat64("/usr/lib/python3.7/importlib/__init__.abi3.so", 0xbeae7f48) = -1 ENOENT (No such file or directory)
stat64("/usr/lib/python3.7/importlib/__init__.so", 0xbeae7f48) = -1 ENOENT (No such file or directory)
stat64("/usr/lib/python3.7/importlib/__init__.py", {st_mode=S_IFREG|0644, st_size=6037, ...}) = 0
stat64("/usr/lib/python3.7/importlib/__init__.py", {st_mode=S_IFREG|0644, st_size=6037, ...}) = 0
openat(AT_FDCWD, "/usr/lib/python3.7/importlib/__pycache__/__init__.cpython-37.pyc", O_RDONLY|O_LARGEFILE|O_CLOEXEC) = 4
fstat64(4, {st_mode=S_IFREG|0644, st_size=3714, ...}) = 0
_llseek(4, 0, [0], SEEK_CUR)            = 0
fstat64(4, {st_mode=S_IFREG|0644, st_size=3714, ...}) = 0
read(4, "B\r\r\n\0\0\0\0\267\31\375]\225\27\0\0\343\0\0\0\0\0\0\0\0\0\0\0\0\10\0\0"..., 3715) = 3714
read(4, "", 1)                          = 0
close(4)                                = 0
stat64("/usr/lib/python3.7", {st_mode=S_IFDIR|0755, st_size=20480, ...}) = 0
stat64("/usr/lib/python3.7/warnings.py", {st_mode=S_IFREG|0644, st_size=20242, ...}) = 0
stat64("/usr/lib/python3.7/warnings.py", {st_mode=S_IFREG|0644, st_size=20242, ...}) = 0
openat(AT_FDCWD, "/usr/lib/python3.7/__pycache__/warnings.cpython-37.pyc", O_RDONLY|O_LARGEFILE|O_CLOEXEC) = 4
fstat64(4, {st_mode=S_IFREG|0644, st_size=13922, ...}) = 0
_llseek(4, 0, [0], SEEK_CUR)            = 0
fstat64(4, {st_mode=S_IFREG|0644, st_size=13922, ...}) = 0
read(4, "B\r\r\n\0\0\0\0\267\31\375]\22O\0\0\343\0\0\0\0\0\0\0\0\0\0\0\0\10\0\0"..., 13923) = 13922
read(4, "", 1)                          = 0
close(4)                                = 0
stat64("/usr/lib/python3.7/importlib", {st_mode=S_IFDIR|0755, st_size=4096, ...}) = 0
stat64("/usr/lib/python3.7/importlib", {st_mode=S_IFDIR|0755, st_size=4096, ...}) = 0
stat64("/usr/lib/python3.7/importlib", {st_mode=S_IFDIR|0755, st_size=4096, ...}) = 0
openat(AT_FDCWD, "/usr/lib/python3.7/importlib", O_RDONLY|O_NONBLOCK|O_LARGEFILE|O_CLOEXEC|O_DIRECTORY) = 4
fstat64(4, {st_mode=S_IFDIR|0755, st_size=4096, ...}) = 0
getdents64(4, /* 10 entries */, 32768)  = 328
getdents64(4, /* 0 entries */, 32768)   = 0
close(4)                                = 0
stat64("/usr/lib/python3.7/importlib/util.py", {st_mode=S_IFREG|0644, st_size=11319, ...}) = 0
stat64("/usr/lib/python3.7/importlib/util.py", {st_mode=S_IFREG|0644, st_size=11319, ...}) = 0
openat(AT_FDCWD, "/usr/lib/python3.7/importlib/__pycache__/util.cpython-37.pyc", O_RDONLY|O_LARGEFILE|O_CLOEXEC) = 4
fstat64(4, {st_mode=S_IFREG|0644, st_size=9338, ...}) = 0
_llseek(4, 0, [0], SEEK_CUR)            = 0
fstat64(4, {st_mode=S_IFREG|0644, st_size=9338, ...}) = 0
read(4, "B\r\r\n\0\0\0\0\267\31\375]7,\0\0\343\0\0\0\0\0\0\0\0\0\0\0\0\4\0\0"..., 9339) = 9338
read(4, "", 1)                          = 0
close(4)                                = 0
mmap2(NULL, 262144, PROT_READ|PROT_WRITE, MAP_PRIVATE|MAP_ANONYMOUS, -1, 0) = 0xb66a8000
stat64("/usr/lib/python3.7/importlib", {st_mode=S_IFDIR|0755, st_size=4096, ...}) = 0
stat64("/usr/lib/python3.7/importlib/abc.py", {st_mode=S_IFREG|0644, st_size=12873, ...}) = 0
stat64("/usr/lib/python3.7/importlib/abc.py", {st_mode=S_IFREG|0644, st_size=12873, ...}) = 0
openat(AT_FDCWD, "/usr/lib/python3.7/importlib/__pycache__/abc.cpython-37.pyc", O_RDONLY|O_LARGEFILE|O_CLOEXEC) = 4
fstat64(4, {st_mode=S_IFREG|0644, st_size=13469, ...}) = 0
_llseek(4, 0, [0], SEEK_CUR)            = 0
fstat64(4, {st_mode=S_IFREG|0644, st_size=13469, ...}) = 0
read(4, "B\r\r\n\0\0\0\0\267\31\375]I2\0\0\343\0\0\0\0\0\0\0\0\0\0\0\0\n\0\0"..., 13470) = 13469
read(4, "", 1)                          = 0
close(4)                                = 0
stat64("/usr/lib/python3.7/importlib", {st_mode=S_IFDIR|0755, st_size=4096, ...}) = 0
stat64("/usr/lib/python3.7/importlib/machinery.py", {st_mode=S_IFREG|0644, st_size=844, ...}) = 0
stat64("/usr/lib/python3.7/importlib/machinery.py", {st_mode=S_IFREG|0644, st_size=844, ...}) = 0
openat(AT_FDCWD, "/usr/lib/python3.7/importlib/__pycache__/machinery.cpython-37.pyc", O_RDONLY|O_LARGEFILE|O_CLOEXEC) = 4
fstat64(4, {st_mode=S_IFREG|0644, st_size=954, ...}) = 0
_llseek(4, 0, [0], SEEK_CUR)            = 0
fstat64(4, {st_mode=S_IFREG|0644, st_size=954, ...}) = 0
read(4, "B\r\r\n\0\0\0\0\267\31\375]L\3\0\0\343\0\0\0\0\0\0\0\0\0\0\0\0\2\0\0"..., 955) = 954
read(4, "", 1)                          = 0
close(4)                                = 0
stat64("/usr/lib/python3.7", {st_mode=S_IFDIR|0755, st_size=20480, ...}) = 0
stat64("/usr/lib/python3.7/contextlib.py", {st_mode=S_IFREG|0644, st_size=23774, ...}) = 0
stat64("/usr/lib/python3.7/contextlib.py", {st_mode=S_IFREG|0644, st_size=23774, ...}) = 0
openat(AT_FDCWD, "/usr/lib/python3.7/__pycache__/contextlib.cpython-37.pyc", O_RDONLY|O_LARGEFILE|O_CLOEXEC) = 4
fstat64(4, {st_mode=S_IFREG|0644, st_size=19882, ...}) = 0
_llseek(4, 0, [0], SEEK_CUR)            = 0
fstat64(4, {st_mode=S_IFREG|0644, st_size=19882, ...}) = 0
read(4, "B\r\r\n\0\0\0\0\267\31\375]\336\\\0\0\343\0\0\0\0\0\0\0\0\0\0\0\0\f\0\0"..., 19883) = 19882
read(4, "", 1)                          = 0
close(4)                                = 0
stat64("/usr/lib/python3.7", {st_mode=S_IFDIR|0755, st_size=20480, ...}) = 0
stat64("/usr/lib/python3.7/collections/__init__.cpython-37m-arm-linux-gnueabihf.so", 0xbeae7308) = -1 ENOENT (No such file or directory)
stat64("/usr/lib/python3.7/collections/__init__.abi3.so", 0xbeae7308) = -1 ENOENT (No such file or directory)
stat64("/usr/lib/python3.7/collections/__init__.so", 0xbeae7308) = -1 ENOENT (No such file or directory)
stat64("/usr/lib/python3.7/collections/__init__.py", {st_mode=S_IFREG|0644, st_size=47640, ...}) = 0
stat64("/usr/lib/python3.7/collections/__init__.py", {st_mode=S_IFREG|0644, st_size=47640, ...}) = 0
openat(AT_FDCWD, "/usr/lib/python3.7/collections/__pycache__/__init__.cpython-37.pyc", O_RDONLY|O_LARGEFILE|O_CLOEXEC) = 4
fstat64(4, {st_mode=S_IFREG|0644, st_size=46592, ...}) = 0
_llseek(4, 0, [0], SEEK_CUR)            = 0
fstat64(4, {st_mode=S_IFREG|0644, st_size=46592, ...}) = 0
read(4, "B\r\r\n\0\0\0\0\267\31\375]\30\272\0\0\343\0\0\0\0\0\0\0\0\0\0\0\0\t\0\0"..., 46593) = 46592
read(4, "", 1)                          = 0
close(4)                                = 0
stat64("/usr/lib/python3.7", {st_mode=S_IFDIR|0755, st_size=20480, ...}) = 0
stat64("/usr/lib/python3.7/operator.py", {st_mode=S_IFREG|0644, st_size=10863, ...}) = 0
stat64("/usr/lib/python3.7/operator.py", {st_mode=S_IFREG|0644, st_size=10863, ...}) = 0
openat(AT_FDCWD, "/usr/lib/python3.7/__pycache__/operator.cpython-37.pyc", O_RDONLY|O_LARGEFILE|O_CLOEXEC) = 4
fstat64(4, {st_mode=S_IFREG|0644, st_size=13882, ...}) = 0
_llseek(4, 0, [0], SEEK_CUR)            = 0
fstat64(4, {st_mode=S_IFREG|0644, st_size=13882, ...}) = 0
read(4, "B\r\r\n\0\0\0\0\267\31\375]o*\0\0\343\0\0\0\0\0\0\0\0\0\0\0\0006\0\0"..., 13883) = 13882
read(4, "", 1)                          = 0
close(4)                                = 0
stat64("/usr/lib/python3.7", {st_mode=S_IFDIR|0755, st_size=20480, ...}) = 0
stat64("/usr/lib/python3.7/keyword.py", {st_mode=S_IFREG|0755, st_size=2243, ...}) = 0
stat64("/usr/lib/python3.7/keyword.py", {st_mode=S_IFREG|0755, st_size=2243, ...}) = 0
openat(AT_FDCWD, "/usr/lib/python3.7/__pycache__/keyword.cpython-37.pyc", O_RDONLY|O_LARGEFILE|O_CLOEXEC) = 4
fstat64(4, {st_mode=S_IFREG|0644, st_size=1791, ...}) = 0
_llseek(4, 0, [0], SEEK_CUR)            = 0
fstat64(4, {st_mode=S_IFREG|0644, st_size=1791, ...}) = 0
read(4, "B\r\r\n\0\0\0\0\267\31\375]\303\10\0\0\343\0\0\0\0\0\0\0\0\0\0\0\0#\0\0"..., 1792) = 1791
read(4, "", 1)                          = 0
close(4)                                = 0
stat64("/usr/lib/python3.7", {st_mode=S_IFDIR|0755, st_size=20480, ...}) = 0
stat64("/usr/lib/python3.7/heapq.py", {st_mode=S_IFREG|0644, st_size=23017, ...}) = 0
stat64("/usr/lib/python3.7/heapq.py", {st_mode=S_IFREG|0644, st_size=23017, ...}) = 0
openat(AT_FDCWD, "/usr/lib/python3.7/__pycache__/heapq.cpython-37.pyc", O_RDONLY|O_LARGEFILE|O_CLOEXEC) = 4
fstat64(4, {st_mode=S_IFREG|0644, st_size=14344, ...}) = 0
_llseek(4, 0, [0], SEEK_CUR)            = 0
fstat64(4, {st_mode=S_IFREG|0644, st_size=14344, ...}) = 0
read(4, "B\r\r\n\0\0\0\0\267\31\375]\351Y\0\0\343\0\0\0\0\0\0\0\0\0\0\0\0\10\0\0"..., 14345) = 14344
read(4, "", 1)                          = 0
close(4)                                = 0
stat64("/usr/lib/python3.7", {st_mode=S_IFDIR|0755, st_size=20480, ...}) = 0
stat64("/usr/lib/python3.7/reprlib.py", {st_mode=S_IFREG|0644, st_size=5267, ...}) = 0
stat64("/usr/lib/python3.7/reprlib.py", {st_mode=S_IFREG|0644, st_size=5267, ...}) = 0
openat(AT_FDCWD, "/usr/lib/python3.7/__pycache__/reprlib.cpython-37.pyc", O_RDONLY|O_LARGEFILE|O_CLOEXEC) = 4
fstat64(4, {st_mode=S_IFREG|0644, st_size=5332, ...}) = 0
_llseek(4, 0, [0], SEEK_CUR)            = 0
fstat64(4, {st_mode=S_IFREG|0644, st_size=5332, ...}) = 0
read(4, "B\r\r\n\0\0\0\0\267\31\375]\223\24\0\0\343\0\0\0\0\0\0\0\0\0\0\0\0\3\0\0"..., 5333) = 5332
read(4, "", 1)                          = 0
close(4)                                = 0
stat64("/usr/lib/python3.7", {st_mode=S_IFDIR|0755, st_size=20480, ...}) = 0
stat64("/usr/lib/python3.7/functools.py", {st_mode=S_IFREG|0644, st_size=32441, ...}) = 0
stat64("/usr/lib/python3.7/functools.py", {st_mode=S_IFREG|0644, st_size=32441, ...}) = 0
openat(AT_FDCWD, "/usr/lib/python3.7/__pycache__/functools.cpython-37.pyc", O_RDONLY|O_LARGEFILE|O_CLOEXEC) = 4
fstat64(4, {st_mode=S_IFREG|0644, st_size=23937, ...}) = 0
_llseek(4, 0, [0], SEEK_CUR)            = 0
fstat64(4, {st_mode=S_IFREG|0644, st_size=23937, ...}) = 0
read(4, "B\r\r\n\0\0\0\0\267\31\375]\271~\0\0\343\0\0\0\0\0\0\0\0\0\0\0\0\v\0\0"..., 23938) = 23937
read(4, "", 1)                          = 0
close(4)                                = 0
mmap2(NULL, 262144, PROT_READ|PROT_WRITE, MAP_PRIVATE|MAP_ANONYMOUS, -1, 0) = 0xb6668000
stat64("/home/commojun/.local/lib/python3.7/site-packages", {st_mode=S_IFDIR|0700, st_size=4096, ...}) = 0
stat64("/home/commojun/.local/lib/python3.7/site-packages", {st_mode=S_IFDIR|0700, st_size=4096, ...}) = 0
stat64("/home/commojun/.local/lib/python3.7/site-packages", {st_mode=S_IFDIR|0700, st_size=4096, ...}) = 0
openat(AT_FDCWD, "/home/commojun/.local/lib/python3.7/site-packages", O_RDONLY|O_NONBLOCK|O_LARGEFILE|O_CLOEXEC|O_DIRECTORY) = 4
fstat64(4, {st_mode=S_IFDIR|0700, st_size=4096, ...}) = 0
brk(0x9b5000)                           = 0x9b5000
getdents64(4, /* 37 entries */, 32768)  = 1608
getdents64(4, /* 0 entries */, 32768)   = 0
brk(0x9ad000)                           = 0x9ad000
close(4)                                = 0
stat64("/home/commojun/.local/lib/python3.7/site-packages/google/__init__.cpython-37m-arm-linux-gnueabihf.so", 0xbeae88a8) = -1 ENOENT (No such file or directory)
stat64("/home/commojun/.local/lib/python3.7/site-packages/google/__init__.abi3.so", 0xbeae88a8) = -1 ENOENT (No such file or directory)
stat64("/home/commojun/.local/lib/python3.7/site-packages/google/__init__.so", 0xbeae88a8) = -1 ENOENT (No such file or directory)
stat64("/home/commojun/.local/lib/python3.7/site-packages/google/__init__.py", 0xbeae88a8) = -1 ENOENT (No such file or directory)
stat64("/home/commojun/.local/lib/python3.7/site-packages/google/__init__.pyc", 0xbeae88a8) = -1 ENOENT (No such file or directory)
stat64("/home/commojun/.local/lib/python3.7/site-packages/google", {st_mode=S_IFDIR|0755, st_size=4096, ...}) = 0
read(3, "", 8192)                       = 0
close(3)                                = 0
openat(AT_FDCWD, "/home/commojun/.local/lib/python3.7/site-packages/google_auth-1.13.1-py3.8-nspkg.pth", O_RDONLY|O_LARGEFILE|O_CLOEXEC) = 3
fstat64(3, {st_mode=S_IFREG|0644, st_size=539, ...}) = 0
ioctl(3, TCGETS, 0xbeae9118)            = -1 ENOTTY (Inappropriate ioctl for device)
_llseek(3, 0, [0], SEEK_CUR)            = 0
ioctl(3, TCGETS, 0xbeae90e8)            = -1 ENOTTY (Inappropriate ioctl for device)
read(3, "import sys, types, os;has_mfs = "..., 8192) = 539
stat64("/home/commojun/.local/lib/python3.7/site-packages", {st_mode=S_IFDIR|0700, st_size=4096, ...}) = 0
stat64("/home/commojun/.local/lib/python3.7/site-packages/google/__init__.cpython-37m-arm-linux-gnueabihf.so", 0xbeae88a8) = -1 ENOENT (No such file or directory)
stat64("/home/commojun/.local/lib/python3.7/site-packages/google/__init__.abi3.so", 0xbeae88a8) = -1 ENOENT (No such file or directory)
stat64("/home/commojun/.local/lib/python3.7/site-packages/google/__init__.so", 0xbeae88a8) = -1 ENOENT (No such file or directory)
stat64("/home/commojun/.local/lib/python3.7/site-packages/google/__init__.py", 0xbeae88a8) = -1 ENOENT (No such file or directory)
stat64("/home/commojun/.local/lib/python3.7/site-packages/google/__init__.pyc", 0xbeae88a8) = -1 ENOENT (No such file or directory)
stat64("/home/commojun/.local/lib/python3.7/site-packages/google", {st_mode=S_IFDIR|0755, st_size=4096, ...}) = 0
read(3, "", 8192)                       = 0
close(3)                                = 0
openat(AT_FDCWD, "/home/commojun/.local/lib/python3.7/site-packages/googleapis_common_protos-1.51.0-py3.5-nspkg.pth", O_RDONLY|O_LARGEFILE|O_CLOEXEC) = 3
fstat64(3, {st_mode=S_IFREG|0644, st_size=1710, ...}) = 0
ioctl(3, TCGETS, 0xbeae9118)            = -1 ENOTTY (Inappropriate ioctl for device)
_llseek(3, 0, [0], SEEK_CUR)            = 0
ioctl(3, TCGETS, 0xbeae90e8)            = -1 ENOTTY (Inappropriate ioctl for device)
read(3, "import sys, types, os;has_mfs = "..., 8192) = 1710
stat64("/home/commojun/.local/lib/python3.7/site-packages", {st_mode=S_IFDIR|0700, st_size=4096, ...}) = 0
stat64("/home/commojun/.local/lib/python3.7/site-packages/google/__init__.cpython-37m-arm-linux-gnueabihf.so", 0xbeae88a8) = -1 ENOENT (No such file or directory)
stat64("/home/commojun/.local/lib/python3.7/site-packages/google/__init__.abi3.so", 0xbeae88a8) = -1 ENOENT (No such file or directory)
stat64("/home/commojun/.local/lib/python3.7/site-packages/google/__init__.so", 0xbeae88a8) = -1 ENOENT (No such file or directory)
stat64("/home/commojun/.local/lib/python3.7/site-packages/google/__init__.py", 0xbeae88a8) = -1 ENOENT (No such file or directory)
stat64("/home/commojun/.local/lib/python3.7/site-packages/google/__init__.pyc", 0xbeae88a8) = -1 ENOENT (No such file or directory)
stat64("/home/commojun/.local/lib/python3.7/site-packages/google", {st_mode=S_IFDIR|0755, st_size=4096, ...}) = 0
stat64("/home/commojun/.local/lib/python3.7/site-packages", {st_mode=S_IFDIR|0700, st_size=4096, ...}) = 0
stat64("/home/commojun/.local/lib/python3.7/site-packages/google/__init__.cpython-37m-arm-linux-gnueabihf.so", 0xbeae88a8) = -1 ENOENT (No such file or directory)
stat64("/home/commojun/.local/lib/python3.7/site-packages/google/__init__.abi3.so", 0xbeae88a8) = -1 ENOENT (No such file or directory)
stat64("/home/commojun/.local/lib/python3.7/site-packages/google/__init__.so", 0xbeae88a8) = -1 ENOENT (No such file or directory)
stat64("/home/commojun/.local/lib/python3.7/site-packages/google/__init__.py", 0xbeae88a8) = -1 ENOENT (No such file or directory)
stat64("/home/commojun/.local/lib/python3.7/site-packages/google/__init__.pyc", 0xbeae88a8) = -1 ENOENT (No such file or directory)
stat64("/home/commojun/.local/lib/python3.7/site-packages/google", {st_mode=S_IFDIR|0755, st_size=4096, ...}) = 0
stat64("/home/commojun/.local/lib/python3.7/site-packages/google", {st_mode=S_IFDIR|0755, st_size=4096, ...}) = 0
stat64("/home/commojun/.local/lib/python3.7/site-packages/google", {st_mode=S_IFDIR|0755, st_size=4096, ...}) = 0
stat64("/home/commojun/.local/lib/python3.7/site-packages/google", {st_mode=S_IFDIR|0755, st_size=4096, ...}) = 0
openat(AT_FDCWD, "/home/commojun/.local/lib/python3.7/site-packages/google", O_RDONLY|O_NONBLOCK|O_LARGEFILE|O_CLOEXEC|O_DIRECTORY) = 4
fstat64(4, {st_mode=S_IFDIR|0755, st_size=4096, ...}) = 0
getdents64(4, /* 11 entries */, 32768)  = 304
getdents64(4, /* 0 entries */, 32768)   = 0
close(4)                                = 0
stat64("/home/commojun/.local/lib/python3.7/site-packages/google/logging/__init__.cpython-37m-arm-linux-gnueabihf.so", 0xbeae88a8) = -1 ENOENT (No such file or directory)
stat64("/home/commojun/.local/lib/python3.7/site-packages/google/logging/__init__.abi3.so", 0xbeae88a8) = -1 ENOENT (No such file or directory)
stat64("/home/commojun/.local/lib/python3.7/site-packages/google/logging/__init__.so", 0xbeae88a8) = -1 ENOENT (No such file or directory)
stat64("/home/commojun/.local/lib/python3.7/site-packages/google/logging/__init__.py", 0xbeae88a8) = -1 ENOENT (No such file or directory)
stat64("/home/commojun/.local/lib/python3.7/site-packages/google/logging/__init__.pyc", 0xbeae88a8) = -1 ENOENT (No such file or directory)
stat64("/home/commojun/.local/lib/python3.7/site-packages/google/logging", {st_mode=S_IFDIR|0755, st_size=4096, ...}) = 0
read(3, "", 8192)                       = 0
close(3)                                = 0
openat(AT_FDCWD, "/home/commojun/.local/lib/python3.7/site-packages/protobuf-3.11.3-py2.7-nspkg.pth", O_RDONLY|O_LARGEFILE|O_CLOEXEC) = 3
fstat64(3, {st_mode=S_IFREG|0644, st_size=539, ...}) = 0
ioctl(3, TCGETS, 0xbeae9118)            = -1 ENOTTY (Inappropriate ioctl for device)
_llseek(3, 0, [0], SEEK_CUR)            = 0
ioctl(3, TCGETS, 0xbeae90e8)            = -1 ENOTTY (Inappropriate ioctl for device)
read(3, "import sys, types, os;has_mfs = "..., 8192) = 539
stat64("/home/commojun/.local/lib/python3.7/site-packages", {st_mode=S_IFDIR|0700, st_size=4096, ...}) = 0
stat64("/home/commojun/.local/lib/python3.7/site-packages/google/__init__.cpython-37m-arm-linux-gnueabihf.so", 0xbeae88a8) = -1 ENOENT (No such file or directory)
stat64("/home/commojun/.local/lib/python3.7/site-packages/google/__init__.abi3.so", 0xbeae88a8) = -1 ENOENT (No such file or directory)
stat64("/home/commojun/.local/lib/python3.7/site-packages/google/__init__.so", 0xbeae88a8) = -1 ENOENT (No such file or directory)
stat64("/home/commojun/.local/lib/python3.7/site-packages/google/__init__.py", 0xbeae88a8) = -1 ENOENT (No such file or directory)
stat64("/home/commojun/.local/lib/python3.7/site-packages/google/__init__.pyc", 0xbeae88a8) = -1 ENOENT (No such file or directory)
stat64("/home/commojun/.local/lib/python3.7/site-packages/google", {st_mode=S_IFDIR|0755, st_size=4096, ...}) = 0
read(3, "", 8192)                       = 0
close(3)                                = 0
stat64("/usr/local/lib/python3.7/dist-packages", {st_mode=S_IFDIR|S_ISGID|0775, st_size=4096, ...}) = 0
openat(AT_FDCWD, "/usr/local/lib/python3.7/dist-packages", O_RDONLY|O_NONBLOCK|O_LARGEFILE|O_CLOEXEC|O_DIRECTORY) = 3
fstat64(3, {st_mode=S_IFDIR|S_ISGID|0775, st_size=4096, ...}) = 0
getdents64(3, /* 2 entries */, 32768)   = 48
getdents64(3, /* 0 entries */, 32768)   = 0
close(3)                                = 0
stat64("/usr/lib/python3/dist-packages", {st_mode=S_IFDIR|0755, st_size=4096, ...}) = 0
openat(AT_FDCWD, "/usr/lib/python3/dist-packages", O_RDONLY|O_NONBLOCK|O_LARGEFILE|O_CLOEXEC|O_DIRECTORY) = 3
fstat64(3, {st_mode=S_IFDIR|0755, st_size=4096, ...}) = 0
getdents64(3, /* 78 entries */, 32768)  = 3176
getdents64(3, /* 0 entries */, 32768)   = 0
close(3)                                = 0
stat64("/usr/lib/python3.7/dist-packages", 0xbeae9340) = -1 ENOENT (No such file or directory)
stat64("/usr/lib/python3.7", {st_mode=S_IFDIR|0755, st_size=20480, ...}) = 0
stat64("/usr/lib/python3.7/sitecustomize.py", {st_mode=S_IFREG|0644, st_size=155, ...}) = 0
stat64("/usr/lib/python3.7/sitecustomize.py", {st_mode=S_IFREG|0644, st_size=155, ...}) = 0
openat(AT_FDCWD, "/usr/lib/python3.7/__pycache__/sitecustomize.cpython-37.pyc", O_RDONLY|O_LARGEFILE|O_CLOEXEC) = 3
fstat64(3, {st_mode=S_IFREG|0644, st_size=216, ...}) = 0
_llseek(3, 0, [0], SEEK_CUR)            = 0
fstat64(3, {st_mode=S_IFREG|0644, st_size=216, ...}) = 0
read(3, "B\r\r\n\0\0\0\0\0G\244\\\233\0\0\0\343\0\0\0\0\0\0\0\0\0\0\0\0\10\0\0"..., 217) = 216
read(3, "", 1)                          = 0
close(3)                                = 0
stat64("/usr/lib/python3.7", {st_mode=S_IFDIR|0755, st_size=20480, ...}) = 0
stat64("/usr/lib/python3.7/lib-dynload", {st_mode=S_IFDIR|0755, st_size=12288, ...}) = 0
stat64("/usr/lib/python3.7/lib-dynload", {st_mode=S_IFDIR|0755, st_size=12288, ...}) = 0
stat64("/usr/lib/python3.7/lib-dynload", {st_mode=S_IFDIR|0755, st_size=12288, ...}) = 0
openat(AT_FDCWD, "/usr/lib/python3.7/lib-dynload", O_RDONLY|O_NONBLOCK|O_LARGEFILE|O_CLOEXEC|O_DIRECTORY) = 3
fstat64(3, {st_mode=S_IFDIR|0755, st_size=12288, ...}) = 0
getdents64(3, /* 44 entries */, 32768)  = 2872
getdents64(3, /* 0 entries */, 32768)   = 0
close(3)                                = 0
stat64("/home/commojun/.local/lib/python3.7/site-packages", {st_mode=S_IFDIR|0700, st_size=4096, ...}) = 0
stat64("/usr/local/lib/python3.7/dist-packages", {st_mode=S_IFDIR|S_ISGID|0775, st_size=4096, ...}) = 0
stat64("/usr/local/lib/python3.7/dist-packages", {st_mode=S_IFDIR|S_ISGID|0775, st_size=4096, ...}) = 0
stat64("/usr/local/lib/python3.7/dist-packages", {st_mode=S_IFDIR|S_ISGID|0775, st_size=4096, ...}) = 0
openat(AT_FDCWD, "/usr/local/lib/python3.7/dist-packages", O_RDONLY|O_NONBLOCK|O_LARGEFILE|O_CLOEXEC|O_DIRECTORY) = 3
fstat64(3, {st_mode=S_IFDIR|S_ISGID|0775, st_size=4096, ...}) = 0
getdents64(3, /* 2 entries */, 32768)   = 48
getdents64(3, /* 0 entries */, 32768)   = 0
close(3)                                = 0
stat64("/usr/lib/python3/dist-packages", {st_mode=S_IFDIR|0755, st_size=4096, ...}) = 0
stat64("/usr/lib/python3/dist-packages", {st_mode=S_IFDIR|0755, st_size=4096, ...}) = 0
stat64("/usr/lib/python3/dist-packages", {st_mode=S_IFDIR|0755, st_size=4096, ...}) = 0
openat(AT_FDCWD, "/usr/lib/python3/dist-packages", O_RDONLY|O_NONBLOCK|O_LARGEFILE|O_CLOEXEC|O_DIRECTORY) = 3
fstat64(3, {st_mode=S_IFDIR|0755, st_size=4096, ...}) = 0
getdents64(3, /* 78 entries */, 32768)  = 3176
getdents64(3, /* 0 entries */, 32768)   = 0
close(3)                                = 0
stat64("/usr/lib/python3.7", {st_mode=S_IFDIR|0755, st_size=20480, ...}) = 0
stat64("/usr/lib/python3.7/lib-dynload", {st_mode=S_IFDIR|0755, st_size=12288, ...}) = 0
stat64("/home/commojun/.local/lib/python3.7/site-packages", {st_mode=S_IFDIR|0700, st_size=4096, ...}) = 0
stat64("/usr/local/lib/python3.7/dist-packages", {st_mode=S_IFDIR|S_ISGID|0775, st_size=4096, ...}) = 0
stat64("/usr/lib/python3/dist-packages", {st_mode=S_IFDIR|0755, st_size=4096, ...}) = 0
stat64("hello.py", {st_mode=S_IFREG|0644, st_size=21, ...}) = 0
openat(AT_FDCWD, "hello.py", O_RDONLY|O_LARGEFILE) = 3
ioctl(3, FIOCLEX)                       = 0
fstat64(3, {st_mode=S_IFREG|0644, st_size=21, ...}) = 0
fstat64(3, {st_mode=S_IFREG|0644, st_size=21, ...}) = 0
_llseek(3, -4096, 0xbeae8ec8, SEEK_SET) = -1 EINVAL (Invalid argument)
close(3)                                = 0
stat64("hello.py", {st_mode=S_IFREG|0644, st_size=21, ...}) = 0
readlink("hello.py", 0xbead9188, 4096)  = -1 EINVAL (Invalid argument)
getcwd("/home/commojun/git/linux-test", 4096) = 30
lstat64("/home/commojun/git/linux-test/hello.py", {st_mode=S_IFREG|0644, st_size=21, ...}) = 0
openat(AT_FDCWD, "hello.py", O_RDONLY|O_LARGEFILE) = 3
fcntl64(3, F_GETFD)                     = 0
fcntl64(3, F_SETFD, FD_CLOEXEC)         = 0
fstat64(3, {st_mode=S_IFREG|0644, st_size=21, ...}) = 0
ioctl(3, TCGETS, 0xbeaea318)            = -1 ENOTTY (Inappropriate ioctl for device)
_llseek(3, 0, [0], SEEK_CUR)            = 0
fstat64(3, {st_mode=S_IFREG|0644, st_size=21, ...}) = 0
read(3, "print(\"hello world\")\n", 4096) = 21
_llseek(3, 0, [0], SEEK_SET)            = 0
read(3, "print(\"hello world\")\n", 4096) = 21
read(3, "", 4096)                       = 0
close(3)                                = 0
write(1, "hello world\n", 12)           = 12
rt_sigaction(SIGINT, {sa_handler=SIG_DFL, sa_mask=[], sa_flags=SA_RESTORER, sa_restorer=0xb6cbc120}, {sa_handler=0x1ed104, sa_mask=[], sa_flags=SA_RESTORER, sa_restorer=0xb6cbc120}, 8) = 0
brk(0x9a8000)                           = 0x9a8000
sigaltstack(NULL, {ss_sp=0x933f30, ss_flags=0, ss_size=8192}) = 0
sigaltstack({ss_sp=NULL, ss_flags=SS_DISABLE, ss_size=0}, NULL) = 0
exit_group(0)                           = ?
+++ exited with 0 +++
